TN:
SF:components/auth/auth-guard.tsx
FN:8,AuthGuard
FN:15,(anonymous_1)
FN:28,(anonymous_2)
FN:40,(anonymous_3)
FN:48,(anonymous_4)
FNF:5
FNH:0
FNDA:0,AuthGuard
FNDA:0,(anonymous_1)
FNDA:0,(anonymous_2)
FNDA:0,(anonymous_3)
FNDA:0,(anonymous_4)
DA:9,0
DA:10,0
DA:11,0
DA:12,0
DA:13,0
DA:15,0
DA:17,0
DA:18,0
DA:19,0
DA:23,0
DA:24,0
DA:28,0
DA:29,0
DA:30,0
DA:33,0
DA:34,0
DA:35,0
DA:36,0
DA:40,0
DA:41,0
DA:42,0
DA:48,0
DA:49,0
DA:53,0
DA:54,0
DA:66,0
DA:67,0
DA:79,0
LF:28
LH:0
BRDA:17,0,0,0
BRDA:17,0,1,0
BRDA:23,1,0,0
BRDA:23,1,1,0
BRDA:33,2,0,0
BRDA:33,2,1,0
BRDA:33,3,0,0
BRDA:33,3,1,0
BRDA:41,4,0,0
BRDA:41,4,1,0
BRDA:53,5,0,0
BRDA:53,5,1,0
BRDA:53,6,0,0
BRDA:53,6,1,0
BRDA:66,7,0,0
BRDA:66,7,1,0
BRF:16
BRH:0
end_of_record
TN:
SF:components/auth/session-refresh-provider.tsx
FN:15,SessionRefreshProvider
FN:22,(anonymous_1)
FN:69,(anonymous_2)
FN:76,(anonymous_3)
FN:80,(anonymous_4)
FN:86,(anonymous_5)
FNF:6
FNH:0
FNDA:0,SessionRefreshProvider
FNDA:0,(anonymous_1)
FNDA:0,(anonymous_2)
FNDA:0,(anonymous_3)
FNDA:0,(anonymous_4)
FNDA:0,(anonymous_5)
DA:16,0
DA:17,0
DA:18,0
DA:19,0
DA:22,0
DA:23,0
DA:25,0
DA:28,0
DA:29,0
DA:31,0
DA:32,0
DA:35,0
DA:36,0
DA:37,0
DA:41,0
DA:48,0
DA:49,0
DA:52,0
DA:56,0
DA:57,0
DA:60,0
DA:69,0
DA:70,0
DA:73,0
DA:76,0
DA:77,0
DA:80,0
DA:81,0
DA:86,0
DA:87,0
DA:88,0
DA:89,0
DA:90,0
DA:91,0
DA:93,0
DA:94,0
DA:96,0
DA:97,0
DA:100,0
DA:106,0
LF:40
LH:0
BRDA:25,0,0,0
BRDA:25,0,1,0
BRDA:25,1,0,0
BRDA:25,1,1,0
BRDA:31,2,0,0
BRDA:31,2,1,0
BRDA:35,3,0,0
BRDA:35,3,1,0
BRDA:35,4,0,0
BRDA:35,4,1,0
BRDA:49,5,0,0
BRDA:49,5,1,0
BRDA:52,6,0,0
BRDA:52,6,1,0
BRDA:52,7,0,0
BRDA:52,7,1,0
BRDA:52,7,2,0
BRDA:52,7,3,0
BRDA:70,8,0,0
BRDA:70,8,1,0
BRDA:87,9,0,0
BRDA:87,9,1,0
BRDA:88,10,0,0
BRDA:88,10,1,0
BRDA:88,11,0,0
BRDA:88,11,1,0
BRDA:90,12,0,0
BRDA:90,12,1,0
BRDA:93,13,0,0
BRDA:93,13,1,0
BRDA:96,14,0,0
BRDA:96,14,1,0
BRF:32
BRH:0
end_of_record
TN:
SF:components/dashboard/ServiceHealthCard.tsx
FN:72,(anonymous_0)
FN:82,(anonymous_1)
FN:140,(anonymous_2)
FN:147,(anonymous_3)
FN:151,(anonymous_4)
FN:164,(anonymous_5)
FN:180,(anonymous_6)
FN:194,(anonymous_7)
FN:216,(anonymous_8)
FN:279,(anonymous_9)
FN:303,(anonymous_10)
FN:335,(anonymous_11)
FNF:12
FNH:0
FNDA:0,(anonymous_0)
FNDA:0,(anonymous_1)
FNDA:0,(anonymous_2)
FNDA:0,(anonymous_3)
FNDA:0,(anonymous_4)
FNDA:0,(anonymous_5)
FNDA:0,(anonymous_6)
FNDA:0,(anonymous_7)
FNDA:0,(anonymous_8)
FNDA:0,(anonymous_9)
FNDA:0,(anonymous_10)
FNDA:0,(anonymous_11)
DA:22,0
DA:25,0
DA:72,0
DA:73,0
DA:77,0
DA:78,0
DA:79,0
DA:82,0
DA:83,0
DA:84,0
DA:85,0
DA:88,0
DA:97,0
DA:98,0
DA:101,0
DA:104,0
DA:113,0
DA:114,0
DA:115,0
DA:116,0
DA:120,0
DA:127,0
DA:128,0
DA:129,0
DA:135,0
DA:140,0
DA:141,0
DA:144,0
DA:147,0
DA:151,0
DA:152,0
DA:154,0
DA:155,0
DA:156,0
DA:158,0
DA:159,0
DA:160,0
DA:164,0
DA:165,0
DA:167,0
DA:169,0
DA:171,0
DA:173,0
DA:180,0
DA:181,0
DA:183,0
DA:185,0
DA:187,0
DA:189,0
DA:194,0
DA:195,0
DA:197,0
DA:199,0
DA:201,0
DA:203,0
DA:207,0
DA:216,0
DA:279,0
DA:304,0
DA:336,0
LF:60
LH:0
BRDA:22,0,0,0
BRDA:22,0,1,0
BRDA:97,1,0,0
BRDA:97,1,1,0
BRDA:114,2,0,0
BRDA:114,2,1,0
BRDA:116,3,0,0
BRDA:116,3,1,0
BRDA:128,4,0,0
BRDA:128,4,1,0
BRDA:152,5,0,0
BRDA:152,5,1,0
BRDA:158,6,0,0
BRDA:158,6,1,0
BRDA:159,7,0,0
BRDA:159,7,1,0
BRDA:165,8,0,0
BRDA:165,8,1,0
BRDA:165,8,2,0
BRDA:165,8,3,0
BRDA:173,9,0,0
BRDA:173,9,1,0
BRDA:181,10,0,0
BRDA:181,10,1,0
BRDA:181,10,2,0
BRDA:181,10,3,0
BRDA:195,11,0,0
BRDA:195,11,1,0
BRDA:195,11,2,0
BRDA:195,11,3,0
BRDA:201,12,0,0
BRDA:201,12,1,0
BRDA:221,13,0,0
BRDA:221,13,1,0
BRDA:234,14,0,0
BRDA:234,14,1,0
BRDA:235,15,0,0
BRDA:235,15,1,0
BRDA:236,16,0,0
BRDA:236,16,1,0
BRDA:248,17,0,0
BRDA:248,17,1,0
BRDA:248,17,2,0
BRDA:250,18,0,0
BRDA:250,18,1,0
BRDA:253,19,0,0
BRDA:253,19,1,0
BRDA:258,20,0,0
BRDA:258,20,1,0
BRDA:261,21,0,0
BRDA:261,21,1,0
BRDA:266,22,0,0
BRDA:266,22,1,0
BRDA:282,23,0,0
BRDA:282,23,1,0
BRDA:296,24,0,0
BRDA:296,24,1,0
BRDA:299,25,0,0
BRDA:299,25,1,0
BRDA:310,26,0,0
BRDA:310,26,1,0
BRDA:317,27,0,0
BRDA:317,27,1,0
BRDA:331,28,0,0
BRDA:331,28,1,0
BRDA:335,29,0,0
BRDA:335,29,1,0
BRDA:339,30,0,0
BRDA:339,30,1,0
BRDA:342,31,0,0
BRDA:342,31,1,0
BRF:71
BRH:0
end_of_record
TN:
SF:components/dashboard/StatsCard.tsx
FN:16,StatsCard
FNF:1
FNH:0
FNDA:0,StatsCard
DA:23,0
LF:1
LH:0
BRDA:31,0,0,0
BRDA:31,0,1,0
BRDA:34,1,0,0
BRDA:34,1,1,0
BRDA:38,2,0,0
BRDA:38,2,1,0
BRDA:41,3,0,0
BRDA:41,3,1,0
BRF:8
BRH:0
end_of_record
TN:
SF:components/email-accounts/account-list.tsx
FN:9,(anonymous_0)
FN:15,(anonymous_1)
FN:16,(anonymous_2)
FN:30,(anonymous_3)
FN:58,(anonymous_4)
FN:67,(anonymous_5)
FN:129,(anonymous_6)
FN:156,(anonymous_7)
FNF:8
FNH:0
FNDA:0,(anonymous_0)
FNDA:0,(anonymous_1)
FNDA:0,(anonymous_2)
FNDA:0,(anonymous_3)
FNDA:0,(anonymous_4)
FNDA:0,(anonymous_5)
FNDA:0,(anonymous_6)
FNDA:0,(anonymous_7)
DA:9,0
DA:10,0
DA:11,0
DA:12,0
DA:15,0
DA:16,0
DA:17,0
DA:18,0
DA:20,0
DA:25,0
DA:26,0
DA:30,0
DA:45,0
DA:47,0
DA:48,0
DA:50,0
DA:54,0
DA:58,0
DA:59,0
DA:60,0
DA:61,0
DA:62,0
DA:63,0
DA:67,0
DA:68,0
DA:69,0
DA:72,0
DA:77,0
DA:78,0
DA:82,0
DA:84,0
DA:85,0
DA:87,0
DA:91,0
DA:92,0
DA:100,0
DA:101,0
DA:108,0
DA:109,0
DA:125,0
DA:130,0
DA:156,0
LF:42
LH:0
BRDA:25,0,0,0
BRDA:25,0,1,0
BRDA:33,1,0,0
BRDA:33,1,1,0
BRDA:34,2,0,0
BRDA:34,2,1,0
BRDA:35,3,0,0
BRDA:35,3,1,0
BRDA:36,4,0,0
BRDA:36,4,1,0
BRDA:37,5,0,0
BRDA:37,5,1,0
BRDA:38,6,0,0
BRDA:38,6,1,0
BRDA:39,7,0,0
BRDA:39,7,1,0
BRDA:48,8,0,0
BRDA:48,8,1,0
BRDA:59,9,0,0
BRDA:59,9,1,0
BRDA:60,10,0,0
BRDA:60,10,1,0
BRDA:60,11,0,0
BRDA:60,11,1,0
BRDA:61,12,0,0
BRDA:61,12,1,0
BRDA:62,13,0,0
BRDA:62,13,1,0
BRDA:77,14,0,0
BRDA:77,14,1,0
BRDA:85,15,0,0
BRDA:85,15,1,0
BRDA:91,16,0,0
BRDA:91,16,1,0
BRDA:100,17,0,0
BRDA:100,17,1,0
BRDA:108,18,0,0
BRDA:108,18,1,0
BRDA:132,19,0,0
BRDA:132,19,1,0
BRDA:136,20,0,0
BRDA:136,20,1,0
BRDA:139,21,0,0
BRDA:139,21,1,0
BRDA:159,22,0,0
BRDA:159,22,1,0
BRDA:170,23,0,0
BRDA:170,23,1,0
BRDA:173,24,0,0
BRDA:173,24,1,0
BRF:50
BRH:0
end_of_record
TN:
SF:components/email-accounts/add-account-form-fixed.tsx
FN:82,fetchWithRetry
FN:91,(anonymous_1)
FN:96,(anonymous_2)
FN:131,(anonymous_3)
FN:161,(anonymous_4)
FN:162,(anonymous_5)
FN:186,(anonymous_6)
FN:207,(anonymous_7)
FN:394,(anonymous_8)
FN:401,(anonymous_9)
FN:403,(anonymous_10)
FN:408,(anonymous_11)
FN:414,(anonymous_12)
FN:434,(anonymous_13)
FN:435,(anonymous_14)
FN:446,(anonymous_15)
FN:622,(anonymous_16)
FN:807,(anonymous_17)
FN:821,(anonymous_18)
FN:836,(anonymous_19)
FN:840,(anonymous_20)
FN:852,(anonymous_21)
FN:867,(anonymous_22)
FN:877,(anonymous_23)
FN:896,(anonymous_24)
FN:920,(anonymous_25)
FN:934,(anonymous_26)
FN:952,(anonymous_27)
FN:966,(anonymous_28)
FN:984,(anonymous_29)
FNF:30
FNH:0
FNDA:0,fetchWithRetry
FNDA:0,(anonymous_1)
FNDA:0,(anonymous_2)
FNDA:0,(anonymous_3)
FNDA:0,(anonymous_4)
FNDA:0,(anonymous_5)
FNDA:0,(anonymous_6)
FNDA:0,(anonymous_7)
FNDA:0,(anonymous_8)
FNDA:0,(anonymous_9)
FNDA:0,(anonymous_10)
FNDA:0,(anonymous_11)
FNDA:0,(anonymous_12)
FNDA:0,(anonymous_13)
FNDA:0,(anonymous_14)
FNDA:0,(anonymous_15)
FNDA:0,(anonymous_16)
FNDA:0,(anonymous_17)
FNDA:0,(anonymous_18)
FNDA:0,(anonymous_19)
FNDA:0,(anonymous_20)
FNDA:0,(anonymous_21)
FNDA:0,(anonymous_22)
FNDA:0,(anonymous_23)
FNDA:0,(anonymous_24)
FNDA:0,(anonymous_25)
FNDA:0,(anonymous_26)
FNDA:0,(anonymous_27)
FNDA:0,(anonymous_28)
FNDA:0,(anonymous_29)
DA:23,0
DA:38,0
DA:83,0
DA:85,0
DA:86,0
DA:88,0
DA:89,0
DA:90,0
DA:91,0
DA:95,0
DA:96,0
DA:99,0
DA:112,0
DA:115,0
DA:117,0
DA:118,0
DA:121,0
DA:122,0
DA:128,0
DA:131,0
DA:132,0
DA:133,0
DA:134,0
DA:135,0
DA:136,0
DA:137,0
DA:138,0
DA:139,0
DA:142,0
DA:143,0
DA:146,0
DA:161,0
DA:162,0
DA:163,0
DA:164,0
DA:166,0
DA:173,0
DA:175,0
DA:176,0
DA:178,0
DA:182,0
DA:186,0
DA:188,0
DA:191,0
DA:194,0
DA:195,0
DA:198,0
DA:199,0
DA:200,0
DA:201,0
DA:202,0
DA:203,0
DA:207,0
DA:208,0
DA:209,0
DA:210,0
DA:213,0
DA:215,0
DA:216,0
DA:219,0
DA:227,0
DA:229,0
DA:230,0
DA:231,0
DA:234,0
DA:235,0
DA:237,0
DA:239,0
DA:244,0
DA:246,0
DA:252,0
DA:253,0
DA:256,0
DA:269,0
DA:271,0
DA:272,0
DA:273,0
DA:276,0
DA:277,0
DA:279,0
DA:280,0
DA:281,0
DA:284,0
DA:285,0
DA:288,0
DA:289,0
DA:311,0
DA:313,0
DA:317,0
DA:319,0
DA:320,0
DA:323,0
DA:324,0
DA:326,0
DA:327,0
DA:328,0
DA:329,0
DA:330,0
DA:331,0
DA:332,0
DA:337,0
DA:338,0
DA:341,0
DA:342,0
DA:378,0
DA:380,0
DA:381,0
DA:384,0
DA:385,0
DA:388,0
DA:389,0
DA:394,0
DA:395,0
DA:398,0
DA:401,0
DA:402,0
DA:403,0
DA:408,0
DA:409,0
DA:410,0
DA:412,0
DA:414,0
DA:415,0
DA:434,0
DA:435,0
DA:437,0
DA:438,0
DA:439,0
DA:440,0
DA:441,0
DA:446,0
DA:447,0
DA:449,0
DA:450,0
DA:455,0
DA:458,0
DA:459,0
DA:461,0
DA:464,0
DA:466,0
DA:468,0
DA:470,0
DA:471,0
DA:476,0
DA:480,0
DA:483,0
DA:486,0
DA:488,0
DA:490,0
DA:491,0
DA:495,0
DA:511,0
DA:514,0
DA:515,0
DA:526,0
DA:529,0
DA:530,0
DA:564,0
DA:589,0
DA:602,0
DA:603,0
DA:610,0
DA:611,0
DA:617,0
DA:622,0
DA:623,0
DA:624,0
DA:627,0
DA:631,0
DA:633,0
DA:634,0
DA:635,0
DA:637,0
DA:640,0
DA:644,0
DA:664,0
DA:666,0
DA:667,0
DA:671,0
DA:673,0
DA:675,0
DA:676,0
DA:679,0
DA:688,0
DA:690,0
DA:695,0
DA:699,0
DA:713,0
DA:718,0
DA:720,0
DA:721,0
DA:727,0
DA:731,0
DA:808,0
DA:822,0
DA:837,0
DA:841,0
DA:842,0
DA:853,0
DA:868,0
DA:879,0
DA:882,0
DA:883,0
DA:886,0
DA:887,0
DA:888,0
DA:889,0
DA:890,0
DA:895,0
DA:896,0
DA:921,0
DA:935,0
DA:953,0
DA:967,0
DA:984,0
LF:215
LH:0
BRDA:82,0,0,0
BRDA:82,1,0,0
BRDA:82,2,0,0
BRDA:88,3,0,0
BRDA:88,3,1,0
BRDA:117,4,0,0
BRDA:117,4,1,0
BRDA:121,5,0,0
BRDA:121,5,1,0
BRDA:128,6,0,0
BRDA:128,6,1,0
BRDA:173,7,0,0
BRDA:173,7,1,0
BRDA:198,8,0,0
BRDA:198,8,1,0
BRDA:198,9,0,0
BRDA:198,9,1,0
BRDA:201,10,0,0
BRDA:201,10,1,0
BRDA:209,11,0,0
BRDA:209,11,1,0
BRDA:227,12,0,0
BRDA:227,12,1,0
BRDA:229,13,0,0
BRDA:229,13,1,0
BRDA:244,14,0,0
BRDA:244,14,1,0
BRDA:247,15,0,0
BRDA:247,15,1,0
BRDA:261,16,0,0
BRDA:261,16,1,0
BRDA:269,17,0,0
BRDA:269,17,1,0
BRDA:271,18,0,0
BRDA:271,18,1,0
BRDA:288,19,0,0
BRDA:288,19,1,0
BRDA:311,20,0,0
BRDA:311,20,1,0
BRDA:314,21,0,0
BRDA:314,21,1,0
BRDA:319,22,0,0
BRDA:319,22,1,0
BRDA:326,23,0,0
BRDA:326,23,1,0
BRDA:327,24,0,0
BRDA:327,24,1,0
BRDA:330,25,0,0
BRDA:330,25,1,0
BRDA:330,26,0,0
BRDA:330,26,1,0
BRDA:341,27,0,0
BRDA:341,27,1,0
BRDA:350,28,0,0
BRDA:350,28,1,0
BRDA:352,29,0,0
BRDA:352,29,1,0
BRDA:378,30,0,0
BRDA:378,30,1,0
BRDA:380,31,0,0
BRDA:380,31,1,0
BRDA:409,32,0,0
BRDA:409,32,1,0
BRDA:412,33,0,0
BRDA:412,33,1,0
BRDA:412,34,0,0
BRDA:412,34,1,0
BRDA:437,35,0,0
BRDA:437,35,1,0
BRDA:449,36,0,0
BRDA:449,36,1,0
BRDA:459,37,0,0
BRDA:459,37,1,0
BRDA:464,38,0,0
BRDA:464,38,1,0
BRDA:470,39,0,0
BRDA:470,39,1,0
BRDA:490,40,0,0
BRDA:490,40,1,0
BRDA:514,41,0,0
BRDA:514,41,1,0
BRDA:514,42,0,0
BRDA:514,42,1,0
BRDA:529,43,0,0
BRDA:529,43,1,0
BRDA:531,44,0,0
BRDA:531,44,1,0
BRDA:536,45,0,0
BRDA:536,45,1,0
BRDA:539,46,0,0
BRDA:539,46,1,0
BRDA:546,47,0,0
BRDA:546,47,1,0
BRDA:552,48,0,0
BRDA:552,48,1,0
BRDA:564,49,0,0
BRDA:564,49,1,0
BRDA:567,50,0,0
BRDA:567,50,1,0
BRDA:574,51,0,0
BRDA:574,51,1,0
BRDA:580,52,0,0
BRDA:580,52,1,0
BRDA:590,53,0,0
BRDA:590,53,1,0
BRDA:594,54,0,0
BRDA:594,54,1,0
BRDA:605,55,0,0
BRDA:605,55,1,0
BRDA:613,56,0,0
BRDA:613,56,1,0
BRDA:631,57,0,0
BRDA:631,57,1,0
BRDA:631,58,0,0
BRDA:631,58,1,0
BRDA:633,59,0,0
BRDA:633,59,1,0
BRDA:637,60,0,0
BRDA:637,60,1,0
BRDA:653,61,0,0
BRDA:653,61,1,0
BRDA:664,62,0,0
BRDA:664,62,1,0
BRDA:666,63,0,0
BRDA:666,63,1,0
BRDA:673,64,0,0
BRDA:673,64,1,0
BRDA:688,65,0,0
BRDA:688,65,1,0
BRDA:723,66,0,0
BRDA:723,66,1,0
BRDA:748,67,0,0
BRDA:748,67,1,0
BRDA:762,68,0,0
BRDA:762,68,1,0
BRDA:769,69,0,0
BRDA:769,69,1,0
BRDA:780,70,0,0
BRDA:780,70,1,0
BRDA:787,71,0,0
BRDA:787,71,1,0
BRDA:875,72,0,0
BRDA:875,72,1,0
BRDA:882,73,0,0
BRDA:882,73,1,0
BRDA:886,74,0,0
BRDA:886,74,1,0
BRDA:889,75,0,0
BRDA:889,75,1,0
BRDA:889,76,0,0
BRDA:889,76,1,0
BRDA:895,77,0,0
BRDA:895,77,1,0
BRDA:903,78,0,0
BRDA:903,78,1,0
BRDA:985,79,0,0
BRDA:985,79,1,0
BRDA:985,79,2,0
BRDA:994,80,0,0
BRDA:994,80,1,0
BRDA:994,80,2,0
BRDA:996,81,0,0
BRDA:996,81,1,0
BRDA:1008,82,0,0
BRDA:1008,82,1,0
BRDA:1008,82,2,0
BRDA:1010,83,0,0
BRDA:1010,83,1,0
BRF:168
BRH:0
end_of_record
TN:
SF:components/email-accounts/add-account-form.tsx
FN:81,(anonymous_0)
FN:107,(anonymous_1)
FN:108,(anonymous_2)
FN:136,(anonymous_3)
FN:165,(anonymous_4)
FN:166,(anonymous_5)
FN:195,(anonymous_6)
FN:210,(anonymous_7)
FN:253,(anonymous_8)
FN:316,(anonymous_9)
FN:394,(anonymous_10)
FN:399,(anonymous_11)
FN:415,(anonymous_12)
FN:421,(anonymous_13)
FN:441,(anonymous_14)
FN:442,(anonymous_15)
FN:453,(anonymous_16)
FN:629,(anonymous_17)
FN:814,(anonymous_18)
FN:828,(anonymous_19)
FN:843,(anonymous_20)
FN:847,(anonymous_21)
FN:859,(anonymous_22)
FN:874,(anonymous_23)
FN:884,(anonymous_24)
FN:903,(anonymous_25)
FN:927,(anonymous_26)
FN:941,(anonymous_27)
FN:959,(anonymous_28)
FN:973,(anonymous_29)
FN:991,(anonymous_30)
FNF:31
FNH:0
FNDA:0,(anonymous_0)
FNDA:0,(anonymous_1)
FNDA:0,(anonymous_2)
FNDA:0,(anonymous_3)
FNDA:0,(anonymous_4)
FNDA:0,(anonymous_5)
FNDA:0,(anonymous_6)
FNDA:0,(anonymous_7)
FNDA:0,(anonymous_8)
FNDA:0,(anonymous_9)
FNDA:0,(anonymous_10)
FNDA:0,(anonymous_11)
FNDA:0,(anonymous_12)
FNDA:0,(anonymous_13)
FNDA:0,(anonymous_14)
FNDA:0,(anonymous_15)
FNDA:0,(anonymous_16)
FNDA:0,(anonymous_17)
FNDA:0,(anonymous_18)
FNDA:0,(anonymous_19)
FNDA:0,(anonymous_20)
FNDA:0,(anonymous_21)
FNDA:0,(anonymous_22)
FNDA:0,(anonymous_23)
FNDA:0,(anonymous_24)
FNDA:0,(anonymous_25)
FNDA:0,(anonymous_26)
FNDA:0,(anonymous_27)
FNDA:0,(anonymous_28)
FNDA:0,(anonymous_29)
FNDA:0,(anonymous_30)
DA:23,0
DA:38,0
DA:81,0
DA:82,0
DA:83,0
DA:84,0
DA:85,0
DA:86,0
DA:87,0
DA:88,0
DA:89,0
DA:92,0
DA:107,0
DA:108,0
DA:109,0
DA:110,0
DA:112,0
DA:119,0
DA:121,0
DA:122,0
DA:124,0
DA:128,0
DA:132,0
DA:133,0
DA:136,0
DA:138,0
DA:140,0
DA:142,0
DA:146,0
DA:147,0
DA:150,0
DA:151,0
DA:152,0
DA:154,0
DA:155,0
DA:156,0
DA:161,0
DA:162,0
DA:165,0
DA:166,0
DA:167,0
DA:169,0
DA:170,0
DA:171,0
DA:175,0
DA:176,0
DA:177,0
DA:178,0
DA:185,0
DA:186,0
DA:190,0
DA:193,0
DA:195,0
DA:196,0
DA:197,0
DA:199,0
DA:200,0
DA:203,0
DA:207,0
DA:209,0
DA:210,0
DA:211,0
DA:216,0
DA:219,0
DA:226,0
DA:229,0
DA:230,0
DA:231,0
DA:233,0
DA:235,0
DA:240,0
DA:242,0
DA:247,0
DA:249,0
DA:252,0
DA:253,0
DA:254,0
DA:258,0
DA:260,0
DA:269,0
DA:272,0
DA:274,0
DA:275,0
DA:276,0
DA:278,0
DA:279,0
DA:280,0
DA:282,0
DA:283,0
DA:305,0
DA:307,0
DA:309,0
DA:313,0
DA:316,0
DA:318,0
DA:321,0
DA:322,0
DA:323,0
DA:325,0
DA:326,0
DA:327,0
DA:328,0
DA:329,0
DA:335,0
DA:336,0
DA:337,0
DA:338,0
DA:339,0
DA:340,0
DA:341,0
DA:345,0
DA:346,0
DA:347,0
DA:350,0
DA:353,0
DA:354,0
DA:391,0
DA:394,0
DA:396,0
DA:399,0
DA:402,0
DA:403,0
DA:404,0
DA:407,0
DA:409,0
DA:415,0
DA:416,0
DA:417,0
DA:419,0
DA:421,0
DA:422,0
DA:441,0
DA:442,0
DA:444,0
DA:445,0
DA:446,0
DA:447,0
DA:448,0
DA:453,0
DA:454,0
DA:456,0
DA:457,0
DA:462,0
DA:465,0
DA:466,0
DA:468,0
DA:471,0
DA:473,0
DA:475,0
DA:477,0
DA:478,0
DA:483,0
DA:487,0
DA:490,0
DA:493,0
DA:495,0
DA:497,0
DA:498,0
DA:502,0
DA:518,0
DA:521,0
DA:522,0
DA:533,0
DA:536,0
DA:537,0
DA:571,0
DA:596,0
DA:609,0
DA:610,0
DA:617,0
DA:618,0
DA:624,0
DA:629,0
DA:630,0
DA:631,0
DA:634,0
DA:638,0
DA:640,0
DA:641,0
DA:642,0
DA:644,0
DA:647,0
DA:651,0
DA:671,0
DA:673,0
DA:674,0
DA:678,0
DA:680,0
DA:682,0
DA:683,0
DA:686,0
DA:695,0
DA:697,0
DA:702,0
DA:706,0
DA:720,0
DA:725,0
DA:727,0
DA:728,0
DA:734,0
DA:738,0
DA:815,0
DA:829,0
DA:844,0
DA:848,0
DA:849,0
DA:860,0
DA:875,0
DA:886,0
DA:889,0
DA:890,0
DA:893,0
DA:894,0
DA:895,0
DA:896,0
DA:897,0
DA:902,0
DA:903,0
DA:928,0
DA:942,0
DA:960,0
DA:974,0
DA:991,0
LF:223
LH:0
BRDA:119,0,0,0
BRDA:119,0,1,0
BRDA:150,1,0,0
BRDA:150,1,1,0
BRDA:150,2,0,0
BRDA:150,2,1,0
BRDA:154,3,0,0
BRDA:154,3,1,0
BRDA:167,4,0,0
BRDA:167,4,1,0
BRDA:169,5,0,0
BRDA:169,5,1,0
BRDA:176,6,0,0
BRDA:176,6,1,0
BRDA:197,7,0,0
BRDA:197,7,1,0
BRDA:197,8,0,0
BRDA:197,8,1,0
BRDA:199,9,0,0
BRDA:199,9,1,0
BRDA:229,10,0,0
BRDA:229,10,1,0
BRDA:229,11,0,0
BRDA:229,11,1,0
BRDA:230,12,0,0
BRDA:230,12,1,0
BRDA:240,13,0,0
BRDA:240,13,1,0
BRDA:249,14,0,0
BRDA:249,14,1,0
BRDA:249,15,0,0
BRDA:249,15,1,0
BRDA:263,16,0,0
BRDA:263,16,1,0
BRDA:272,17,0,0
BRDA:272,17,1,0
BRDA:274,18,0,0
BRDA:274,18,1,0
BRDA:282,19,0,0
BRDA:282,19,1,0
BRDA:305,20,0,0
BRDA:305,20,1,0
BRDA:313,21,0,0
BRDA:313,21,1,0
BRDA:322,22,0,0
BRDA:322,22,1,0
BRDA:325,23,0,0
BRDA:325,23,1,0
BRDA:329,24,0,0
BRDA:329,24,1,0
BRDA:329,25,0,0
BRDA:329,25,1,0
BRDA:329,25,2,0
BRDA:329,25,3,0
BRDA:329,25,4,0
BRDA:338,26,0,0
BRDA:338,26,1,0
BRDA:338,27,0,0
BRDA:338,27,1,0
BRDA:345,28,0,0
BRDA:345,28,1,0
BRDA:350,29,0,0
BRDA:350,29,1,0
BRDA:353,30,0,0
BRDA:353,30,1,0
BRDA:362,31,0,0
BRDA:362,31,1,0
BRDA:364,32,0,0
BRDA:364,32,1,0
BRDA:402,33,0,0
BRDA:402,33,1,0
BRDA:416,34,0,0
BRDA:416,34,1,0
BRDA:419,35,0,0
BRDA:419,35,1,0
BRDA:419,36,0,0
BRDA:419,36,1,0
BRDA:444,37,0,0
BRDA:444,37,1,0
BRDA:456,38,0,0
BRDA:456,38,1,0
BRDA:466,39,0,0
BRDA:466,39,1,0
BRDA:471,40,0,0
BRDA:471,40,1,0
BRDA:477,41,0,0
BRDA:477,41,1,0
BRDA:497,42,0,0
BRDA:497,42,1,0
BRDA:521,43,0,0
BRDA:521,43,1,0
BRDA:521,44,0,0
BRDA:521,44,1,0
BRDA:536,45,0,0
BRDA:536,45,1,0
BRDA:538,46,0,0
BRDA:538,46,1,0
BRDA:543,47,0,0
BRDA:543,47,1,0
BRDA:546,48,0,0
BRDA:546,48,1,0
BRDA:553,49,0,0
BRDA:553,49,1,0
BRDA:559,50,0,0
BRDA:559,50,1,0
BRDA:571,51,0,0
BRDA:571,51,1,0
BRDA:574,52,0,0
BRDA:574,52,1,0
BRDA:581,53,0,0
BRDA:581,53,1,0
BRDA:587,54,0,0
BRDA:587,54,1,0
BRDA:597,55,0,0
BRDA:597,55,1,0
BRDA:601,56,0,0
BRDA:601,56,1,0
BRDA:612,57,0,0
BRDA:612,57,1,0
BRDA:620,58,0,0
BRDA:620,58,1,0
BRDA:638,59,0,0
BRDA:638,59,1,0
BRDA:638,60,0,0
BRDA:638,60,1,0
BRDA:640,61,0,0
BRDA:640,61,1,0
BRDA:644,62,0,0
BRDA:644,62,1,0
BRDA:660,63,0,0
BRDA:660,63,1,0
BRDA:671,64,0,0
BRDA:671,64,1,0
BRDA:673,65,0,0
BRDA:673,65,1,0
BRDA:680,66,0,0
BRDA:680,66,1,0
BRDA:695,67,0,0
BRDA:695,67,1,0
BRDA:730,68,0,0
BRDA:730,68,1,0
BRDA:755,69,0,0
BRDA:755,69,1,0
BRDA:769,70,0,0
BRDA:769,70,1,0
BRDA:776,71,0,0
BRDA:776,71,1,0
BRDA:787,72,0,0
BRDA:787,72,1,0
BRDA:794,73,0,0
BRDA:794,73,1,0
BRDA:882,74,0,0
BRDA:882,74,1,0
BRDA:889,75,0,0
BRDA:889,75,1,0
BRDA:893,76,0,0
BRDA:893,76,1,0
BRDA:896,77,0,0
BRDA:896,77,1,0
BRDA:896,78,0,0
BRDA:896,78,1,0
BRDA:902,79,0,0
BRDA:902,79,1,0
BRDA:910,80,0,0
BRDA:910,80,1,0
BRDA:992,81,0,0
BRDA:992,81,1,0
BRDA:992,81,2,0
BRDA:1001,82,0,0
BRDA:1001,82,1,0
BRDA:1001,82,2,0
BRDA:1003,83,0,0
BRDA:1003,83,1,0
BRDA:1015,84,0,0
BRDA:1015,84,1,0
BRDA:1015,84,2,0
BRDA:1017,85,0,0
BRDA:1017,85,1,0
BRF:178
BRH:0
end_of_record
TN:
SF:components/email-accounts/email-account-card.tsx
FN:15,EmailAccountCard
FNF:1
FNH:1
FNDA:8,EmailAccountCard
DA:24,8
DA:42,8
DA:44,8
DA:51,8
DA:58,8
LF:5
LH:5
BRDA:75,0,0,8
BRDA:75,0,1,7
BRDA:90,1,0,8
BRDA:90,1,1,7
BRF:4
BRH:4
end_of_record
TN:
SF:components/email-accounts/imap-connection-manager.tsx
FN:17,ImapConnectionManager
FN:22,(anonymous_1)
FN:39,(anonymous_2)
FN:50,(anonymous_3)
FN:118,(anonymous_4)
FN:127,(anonymous_5)
FNF:6
FNH:0
FNDA:0,ImapConnectionManager
FNDA:0,(anonymous_1)
FNDA:0,(anonymous_2)
FNDA:0,(anonymous_3)
FNDA:0,(anonymous_4)
FNDA:0,(anonymous_5)
DA:18,0
DA:19,0
DA:20,0
DA:22,0
DA:23,0
DA:25,0
DA:26,0
DA:31,0
DA:39,0
DA:40,0
DA:42,0
DA:43,0
DA:50,0
DA:51,0
DA:52,0
DA:61,0
DA:118,0
DA:128,0
LF:18
LH:0
BRDA:25,0,0,0
BRDA:25,0,1,0
BRDA:33,1,0,0
BRDA:33,1,1,0
BRDA:42,2,0,0
BRDA:42,2,1,0
BRDA:51,3,0,0
BRDA:51,3,1,0
BRDA:67,4,0,0
BRDA:67,4,1,0
BRDA:78,5,0,0
BRDA:78,5,1,0
BRDA:90,6,0,0
BRDA:90,6,1,0
BRDA:109,7,0,0
BRDA:109,7,1,0
BRDA:109,7,2,0
BRDA:120,8,0,0
BRDA:120,8,1,0
BRDA:124,9,0,0
BRDA:124,9,1,0
BRDA:140,10,0,0
BRDA:140,10,1,0
BRDA:146,11,0,0
BRDA:146,11,1,0
BRF:25
BRH:0
end_of_record
TN:
SF:components/layout/main-layout.tsx
FN:18,MainLayout
FNF:1
FNH:0
FNDA:0,MainLayout
DA:19,0
LF:1
LH:0
BRF:0
BRH:0
end_of_record
TN:
SF:components/layout/oauth-refresh-provider.tsx
FN:15,OAuthRefreshProvider
FN:23,(anonymous_1)
FN:24,(anonymous_2)
FN:38,(anonymous_3)
FN:49,(anonymous_4)
FN:55,(anonymous_5)
FNF:6
FNH:0
FNDA:0,OAuthRefreshProvider
FNDA:0,(anonymous_1)
FNDA:0,(anonymous_2)
FNDA:0,(anonymous_3)
FNDA:0,(anonymous_4)
FNDA:0,(anonymous_5)
DA:16,0
DA:17,0
DA:20,0
DA:23,0
DA:24,0
DA:25,0
DA:26,0
DA:27,0
DA:28,0
DA:31,0
DA:35,0
DA:38,0
DA:39,0
DA:41,0
DA:42,0
DA:44,0
DA:49,0
DA:50,0
DA:55,0
DA:56,0
DA:57,0
DA:58,0
DA:59,0
DA:60,0
DA:62,0
DA:63,0
DA:65,0
DA:66,0
DA:69,0
DA:75,0
LF:30
LH:0
BRDA:27,0,0,0
BRDA:27,0,1,0
BRDA:39,1,0,0
BRDA:39,1,1,0
BRDA:39,2,0,0
BRDA:39,2,1,0
BRDA:42,3,0,0
BRDA:42,3,1,0
BRDA:56,4,0,0
BRDA:56,4,1,0
BRDA:57,5,0,0
BRDA:57,5,1,0
BRDA:59,6,0,0
BRDA:59,6,1,0
BRDA:62,7,0,0
BRDA:62,7,1,0
BRDA:65,8,0,0
BRDA:65,8,1,0
BRF:18
BRH:0
end_of_record
TN:
SF:components/ui/alert.tsx
FN:24,(anonymous_0)
FN:37,(anonymous_1)
FN:49,(anonymous_2)
FNF:3
FNH:0
FNDA:0,(anonymous_0)
FNDA:0,(anonymous_1)
FNDA:0,(anonymous_2)
DA:5,0
DA:21,0
DA:25,0
DA:32,0
DA:34,0
DA:38,0
DA:44,0
DA:46,0
DA:50,0
DA:56,0
LF:10
LH:0
BRF:0
BRH:0
end_of_record
TN:
SF:components/ui/badge.tsx
FN:30,Badge
FNF:1
FNH:0
FNDA:0,Badge
DA:6,0
DA:31,0
LF:2
LH:0
BRF:0
BRH:0
end_of_record
TN:
SF:components/ui/button.tsx
FN:39,(anonymous_0)
FNF:1
FNH:0
FNDA:0,(anonymous_0)
DA:6,0
DA:38,0
DA:40,0
DA:41,0
DA:50,0
LF:5
LH:0
BRDA:39,0,0,0
BRDA:40,1,0,0
BRDA:40,1,1,0
BRF:3
BRH:0
end_of_record
TN:
SF:components/ui/card.tsx
FN:7,(anonymous_0)
FN:22,(anonymous_1)
FN:34,(anonymous_2)
FN:49,(anonymous_3)
FN:61,(anonymous_4)
FN:69,(anonymous_5)
FNF:6
FNH:0
FNDA:0,(anonymous_0)
FNDA:0,(anonymous_1)
FNDA:0,(anonymous_2)
FNDA:0,(anonymous_3)
FNDA:0,(anonymous_4)
FNDA:0,(anonymous_5)
DA:4,0
DA:8,0
DA:17,0
DA:19,0
DA:23,0
DA:29,0
DA:31,0
DA:35,0
DA:44,0
DA:46,0
DA:50,0
DA:56,0
DA:58,0
DA:62,0
DA:64,0
DA:66,0
DA:70,0
DA:76,0
LF:18
LH:0
BRF:0
BRH:0
end_of_record
TN:
SF:components/ui/form.tsx
FN:31,(anonymous_0)
FN:44,(anonymous_1)
FN:78,(anonymous_2)
FN:92,(anonymous_3)
FN:109,(anonymous_4)
FN:131,(anonymous_5)
FN:148,(anonymous_6)
FNF:7
FNH:0
FNDA:0,(anonymous_0)
FNDA:0,(anonymous_1)
FNDA:0,(anonymous_2)
FNDA:0,(anonymous_3)
FNDA:0,(anonymous_4)
FNDA:0,(anonymous_5)
FNDA:0,(anonymous_6)
DA:18,0
DA:27,0
DA:31,0
DA:37,0
DA:44,0
DA:45,0
DA:46,0
DA:47,0
DA:49,0
DA:51,0
DA:52,0
DA:55,0
DA:57,0
DA:71,0
DA:75,0
DA:79,0
DA:81,0
DA:87,0
DA:89,0
DA:93,0
DA:95,0
DA:104,0
DA:106,0
DA:110,0
DA:112,0
DA:126,0
DA:128,0
DA:132,0
DA:134,0
DA:143,0
DA:145,0
DA:149,0
DA:150,0
DA:152,0
DA:153,0
DA:156,0
DA:167,0
LF:37
LH:0
BRDA:51,0,0,0
BRDA:51,0,1,0
BRDA:98,1,0,0
BRDA:98,1,1,0
BRDA:117,2,0,0
BRDA:117,2,1,0
BRDA:150,3,0,0
BRDA:150,3,1,0
BRDA:152,4,0,0
BRDA:152,4,1,0
BRF:10
BRH:0
end_of_record
TN:
SF:components/ui/header.tsx
FN:7,Header
FN:18,(anonymous_1)
FN:20,(anonymous_2)
FN:53,(anonymous_3)
FN:54,(anonymous_4)
FN:72,(anonymous_5)
FN:86,(anonymous_6)
FNF:7
FNH:0
FNDA:0,Header
FNDA:0,(anonymous_1)
FNDA:0,(anonymous_2)
FNDA:0,(anonymous_3)
FNDA:0,(anonymous_4)
FNDA:0,(anonymous_5)
FNDA:0,(anonymous_6)
DA:8,0
DA:9,0
DA:10,0
DA:11,0
DA:13,0
DA:14,0
DA:18,0
DA:20,0
DA:21,0
DA:22,0
DA:25,0
DA:28,0
DA:31,0
DA:53,0
DA:54,0
DA:72,0
DA:87,0
LF:17
LH:0
BRDA:13,0,0,0
BRDA:13,0,1,0
BRDA:38,1,0,0
BRDA:38,1,1,0
BRDA:46,2,0,0
BRDA:46,2,1,0
BRDA:75,3,0,0
BRDA:75,3,1,0
BRDA:80,4,0,0
BRDA:80,4,1,0
BRDA:87,5,0,0
BRDA:87,5,1,0
BRDA:88,6,0,0
BRDA:88,6,1,0
BRDA:110,7,0,0
BRDA:110,7,1,0
BRF:16
BRH:0
end_of_record
TN:
SF:components/ui/input.tsx
FN:9,(anonymous_0)
FNF:1
FNH:0
FNDA:0,(anonymous_0)
DA:8,0
DA:10,0
DA:23,0
LF:3
LH:0
BRF:0
BRH:0
end_of_record
TN:
SF:components/ui/label.tsx
FN:17,(anonymous_0)
FNF:1
FNH:0
FNDA:0,(anonymous_0)
DA:9,0
DA:13,0
DA:18,0
DA:24,0
LF:4
LH:0
BRF:0
BRH:0
end_of_record
TN:
SF:components/ui/login-form.tsx
FN:25,(anonymous_0)
FN:43,(anonymous_1)
FN:45,(anonymous_2)
FN:48,(anonymous_3)
FN:53,(anonymous_4)
FN:54,(anonymous_5)
FN:62,(anonymous_6)
FN:67,(anonymous_7)
FN:76,(anonymous_8)
FN:86,(anonymous_9)
FN:93,(anonymous_10)
FN:104,(anonymous_11)
FN:128,(anonymous_12)
FN:164,(anonymous_13)
FN:180,(anonymous_14)
FN:197,(anonymous_15)
FN:227,(anonymous_16)
FN:249,(anonymous_17)
FN:254,(anonymous_18)
FN:272,(anonymous_19)
FN:277,(anonymous_20)
FN:329,(anonymous_21)
FN:341,(anonymous_22)
FN:362,(anonymous_23)
FNF:24
FNH:0
FNDA:0,(anonymous_0)
FNDA:0,(anonymous_1)
FNDA:0,(anonymous_2)
FNDA:0,(anonymous_3)
FNDA:0,(anonymous_4)
FNDA:0,(anonymous_5)
FNDA:0,(anonymous_6)
FNDA:0,(anonymous_7)
FNDA:0,(anonymous_8)
FNDA:0,(anonymous_9)
FNDA:0,(anonymous_10)
FNDA:0,(anonymous_11)
FNDA:0,(anonymous_12)
FNDA:0,(anonymous_13)
FNDA:0,(anonymous_14)
FNDA:0,(anonymous_15)
FNDA:0,(anonymous_16)
FNDA:0,(anonymous_17)
FNDA:0,(anonymous_18)
FNDA:0,(anonymous_19)
FNDA:0,(anonymous_20)
FNDA:0,(anonymous_21)
FNDA:0,(anonymous_22)
FNDA:0,(anonymous_23)
DA:15,0
DA:25,0
DA:26,0
DA:27,0
DA:28,0
DA:29,0
DA:30,0
DA:33,0
DA:34,0
DA:35,0
DA:36,0
DA:38,0
DA:39,0
DA:40,0
DA:43,0
DA:44,0
DA:45,0
DA:46,0
DA:48,0
DA:53,0
DA:54,0
DA:55,0
DA:56,0
DA:62,0
DA:63,0
DA:65,0
DA:67,0
DA:68,0
DA:69,0
DA:70,0
DA:72,0
DA:74,0
DA:76,0
DA:81,0
DA:86,0
DA:87,0
DA:88,0
DA:89,0
DA:91,0
DA:92,0
DA:93,0
DA:94,0
DA:95,0
DA:98,0
DA:100,0
DA:104,0
DA:105,0
DA:108,0
DA:109,0
DA:112,0
DA:113,0
DA:117,0
DA:118,0
DA:119,0
DA:123,0
DA:124,0
DA:125,0
DA:126,0
DA:128,0
DA:129,0
DA:130,0
DA:133,0
DA:136,0
DA:138,0
DA:140,0
DA:141,0
DA:144,0
DA:150,0
DA:151,0
DA:154,0
DA:155,0
DA:158,0
DA:161,0
DA:164,0
DA:167,0
DA:177,0
DA:180,0
DA:181,0
DA:182,0
DA:185,0
DA:189,0
DA:190,0
DA:191,0
DA:192,0
DA:193,0
DA:194,0
DA:195,0
DA:197,0
DA:198,0
DA:201,0
DA:203,0
DA:207,0
DA:208,0
DA:211,0
DA:214,0
DA:224,0
DA:227,0
DA:228,0
DA:229,0
DA:233,0
DA:234,0
DA:236,0
DA:240,0
DA:250,0
DA:251,0
DA:252,0
DA:254,0
DA:273,0
DA:274,0
DA:275,0
DA:277,0
DA:330,0
DA:331,0
DA:332,0
DA:342,0
DA:344,0
DA:346,0
DA:349,0
DA:352,0
DA:362,0
DA:364,0
DA:367,0
DA:368,0
LF:123
LH:0
BRDA:44,0,0,0
BRDA:44,0,1,0
BRDA:55,1,0,0
BRDA:55,1,1,0
BRDA:74,2,0,0
BRDA:74,2,1,0
BRDA:91,3,0,0
BRDA:91,3,1,0
BRDA:94,4,0,0
BRDA:94,4,1,0
BRDA:112,5,0,0
BRDA:112,5,1,0
BRDA:117,6,0,0
BRDA:117,6,1,0
BRDA:124,7,0,0
BRDA:124,7,1,0
BRDA:154,8,0,0
BRDA:154,8,1,0
BRDA:158,9,0,0
BRDA:158,9,1,0
BRDA:158,10,0,0
BRDA:158,10,1,0
BRDA:158,10,2,0
BRDA:189,11,0,0
BRDA:189,11,1,0
BRDA:191,12,0,0
BRDA:191,12,1,0
BRDA:193,13,0,0
BRDA:193,13,1,0
BRDA:207,14,0,0
BRDA:207,14,1,0
BRDA:217,15,0,0
BRDA:217,15,1,0
BRDA:218,16,0,0
BRDA:218,16,1,0
BRDA:220,17,0,0
BRDA:220,17,1,0
BRDA:256,18,0,0
BRDA:256,18,1,0
BRDA:257,19,0,0
BRDA:257,19,1,0
BRDA:259,20,0,0
BRDA:259,20,1,0
BRDA:279,21,0,0
BRDA:279,21,1,0
BRDA:280,22,0,0
BRDA:280,22,1,0
BRDA:282,23,0,0
BRDA:282,23,1,0
BRDA:289,24,0,0
BRDA:289,24,1,0
BRDA:296,25,0,0
BRDA:296,25,1,0
BRDA:306,26,0,0
BRDA:306,26,1,0
BRDA:306,26,2,0
BRDA:308,27,0,0
BRDA:308,27,1,0
BRDA:310,28,0,0
BRDA:310,28,1,0
BRDA:317,29,0,0
BRDA:317,29,1,0
BRF:62
BRH:0
end_of_record
TN:
SF:components/ui/metric-card.tsx
FN:15,MetricCard
FNF:1
FNH:0
FNDA:0,MetricCard
DA:16,0
LF:1
LH:0
BRDA:28,0,0,0
BRDA:28,0,1,0
BRDA:32,1,0,0
BRDA:32,1,1,0
BRDA:34,2,0,0
BRDA:34,2,1,0
BRF:6
BRH:0
end_of_record
TN:
SF:components/ui/select.tsx
FN:18,(anonymous_0)
FN:38,(anonymous_1)
FN:55,(anonymous_2)
FN:73,(anonymous_3)
FN:105,(anonymous_4)
FN:117,(anonymous_5)
FN:140,(anonymous_6)
FNF:7
FNH:0
FNDA:0,(anonymous_0)
FNDA:0,(anonymous_1)
FNDA:0,(anonymous_2)
FNDA:0,(anonymous_3)
FNDA:0,(anonymous_4)
FNDA:0,(anonymous_5)
FNDA:0,(anonymous_6)
DA:9,0
DA:11,0
DA:13,0
DA:15,0
DA:19,0
DA:33,0
DA:35,0
DA:39,0
DA:50,0
DA:52,0
DA:56,0
DA:67,0
DA:70,0
DA:74,0
DA:100,0
DA:102,0
DA:106,0
DA:112,0
DA:114,0
DA:118,0
DA:135,0
DA:137,0
DA:141,0
DA:147,0
LF:24
LH:0
BRDA:73,0,0,0
BRDA:79,1,0,0
BRDA:79,1,1,0
BRDA:90,2,0,0
BRDA:90,2,1,0
BRF:5
BRH:0
end_of_record
TN:
SF:components/ui/sidebar.tsx
FN:45,Sidebar
FN:54,(anonymous_1)
FN:60,(anonymous_2)
FN:62,(anonymous_3)
FN:68,(anonymous_4)
FN:73,(anonymous_5)
FN:76,(anonymous_6)
FN:172,(anonymous_7)
FN:173,(anonymous_8)
FN:183,(anonymous_9)
FN:214,(anonymous_10)
FN:223,(anonymous_11)
FN:247,(anonymous_12)
FN:275,(anonymous_13)
FN:337,(anonymous_14)
FN:347,(anonymous_15)
FN:356,(anonymous_16)
FN:378,(anonymous_17)
FN:402,(anonymous_18)
FNF:19
FNH:0
FNDA:0,Sidebar
FNDA:0,(anonymous_1)
FNDA:0,(anonymous_2)
FNDA:0,(anonymous_3)
FNDA:0,(anonymous_4)
FNDA:0,(anonymous_5)
FNDA:0,(anonymous_6)
FNDA:0,(anonymous_7)
FNDA:0,(anonymous_8)
FNDA:0,(anonymous_9)
FNDA:0,(anonymous_10)
FNDA:0,(anonymous_11)
FNDA:0,(anonymous_12)
FNDA:0,(anonymous_13)
FNDA:0,(anonymous_14)
FNDA:0,(anonymous_15)
FNDA:0,(anonymous_16)
FNDA:0,(anonymous_17)
FNDA:0,(anonymous_18)
DA:46,0
DA:47,0
DA:48,0
DA:49,0
DA:50,0
DA:51,0
DA:52,0
DA:54,0
DA:56,0
DA:60,0
DA:62,0
DA:63,0
DA:66,0
DA:68,0
DA:69,0
DA:73,0
DA:75,0
DA:76,0
DA:78,0
DA:79,0
DA:80,0
DA:81,0
DA:83,0
DA:91,0
DA:92,0
DA:96,0
DA:172,0
DA:173,0
DA:174,0
DA:175,0
DA:179,0
DA:183,0
DA:184,0
DA:185,0
DA:186,0
DA:187,0
DA:189,0
DA:194,0
DA:199,0
DA:214,0
DA:224,0
DA:247,0
DA:276,0
DA:337,0
DA:347,0
DA:357,0
DA:378,0
DA:403,0
LF:48
LH:0
BRDA:75,0,0,0
BRDA:75,0,1,0
BRDA:75,1,0,0
BRDA:75,1,1,0
BRDA:79,2,0,0
BRDA:79,2,1,0
BRDA:80,3,0,0
BRDA:80,3,1,0
BRDA:81,4,0,0
BRDA:81,4,1,0
BRDA:87,5,0,0
BRDA:87,5,1,0
BRDA:196,6,0,0
BRDA:196,6,1,0
BRDA:202,7,0,0
BRDA:202,7,1,0
BRDA:204,8,0,0
BRDA:204,8,1,0
BRDA:205,9,0,0
BRDA:205,9,1,0
BRDA:215,10,0,0
BRDA:215,10,1,0
BRDA:217,11,0,0
BRDA:217,11,1,0
BRDA:225,12,0,0
BRDA:225,12,1,0
BRDA:230,13,0,0
BRDA:230,13,1,0
BRDA:235,14,0,0
BRDA:235,14,1,0
BRDA:237,15,0,0
BRDA:237,15,1,0
BRDA:239,16,0,0
BRDA:239,16,1,0
BRDA:250,17,0,0
BRDA:250,17,1,0
BRDA:256,18,0,0
BRDA:256,18,1,0
BRDA:258,19,0,0
BRDA:258,19,1,0
BRDA:260,20,0,0
BRDA:260,20,1,0
BRDA:266,21,0,0
BRDA:266,21,1,0
BRDA:267,22,0,0
BRDA:267,22,1,0
BRDA:273,23,0,0
BRDA:273,23,1,0
BRDA:273,23,2,0
BRDA:273,23,3,0
BRDA:278,24,0,0
BRDA:278,24,1,0
BRDA:281,25,0,0
BRDA:281,25,1,0
BRDA:286,26,0,0
BRDA:286,26,1,0
BRDA:290,27,0,0
BRDA:290,27,1,0
BRDA:303,28,0,0
BRDA:303,28,1,0
BRDA:308,29,0,0
BRDA:308,29,1,0
BRDA:312,30,0,0
BRDA:312,30,1,0
BRDA:314,31,0,0
BRDA:314,31,1,0
BRDA:324,32,0,0
BRDA:324,32,1,0
BRDA:326,33,0,0
BRDA:326,33,1,0
BRDA:327,34,0,0
BRDA:327,34,1,0
BRDA:358,35,0,0
BRDA:358,35,1,0
BRDA:363,36,0,0
BRDA:363,36,1,0
BRDA:368,37,0,0
BRDA:368,37,1,0
BRDA:371,38,0,0
BRDA:371,38,1,0
BRDA:381,39,0,0
BRDA:381,39,1,0
BRDA:387,40,0,0
BRDA:387,40,1,0
BRDA:390,41,0,0
BRDA:390,41,1,0
BRDA:395,42,0,0
BRDA:395,42,1,0
BRDA:400,43,0,0
BRDA:400,43,1,0
BRDA:400,43,2,0
BRDA:405,44,0,0
BRDA:405,44,1,0
BRDA:408,45,0,0
BRDA:408,45,1,0
BRDA:413,46,0,0
BRDA:413,46,1,0
BRDA:417,47,0,0
BRDA:417,47,1,0
BRDA:434,48,0,0
BRDA:434,48,1,0
BRDA:438,49,0,0
BRDA:438,49,1,0
BRDA:440,50,0,0
BRDA:440,50,1,0
BRF:105
BRH:0
end_of_record
TN:
SF:components/ui/tabs.tsx
FN:10,(anonymous_0)
FN:25,(anonymous_1)
FN:40,(anonymous_2)
FNF:3
FNH:0
FNDA:0,(anonymous_0)
FNDA:0,(anonymous_1)
FNDA:0,(anonymous_2)
DA:5,0
DA:7,0
DA:11,0
DA:20,0
DA:22,0
DA:26,0
DA:35,0
DA:37,0
DA:41,0
DA:50,0
LF:10
LH:0
BRF:0
BRH:0
end_of_record
TN:
SF:components/ui/toast.tsx
FN:15,(anonymous_0)
FN:47,(anonymous_1)
FN:61,(anonymous_2)
FN:76,(anonymous_3)
FN:94,(anonymous_4)
FN:106,(anonymous_5)
FNF:6
FNH:0
FNDA:0,(anonymous_0)
FNDA:0,(anonymous_1)
FNDA:0,(anonymous_2)
FNDA:0,(anonymous_3)
FNDA:0,(anonymous_4)
FNDA:0,(anonymous_5)
DA:10,0
DA:12,0
DA:16,0
DA:25,0
DA:27,0
DA:43,0
DA:48,0
DA:56,0
DA:58,0
DA:62,0
DA:71,0
DA:73,0
DA:77,0
DA:89,0
DA:91,0
DA:95,0
DA:101,0
DA:103,0
DA:107,0
DA:113,0
LF:20
LH:0
BRF:0
BRH:0
end_of_record
TN:
SF:components/ui/toaster.tsx
FN:13,Toaster
FN:18,(anonymous_1)
FNF:2
FNH:0
FNDA:0,Toaster
FNDA:0,(anonymous_1)
DA:14,0
DA:16,0
DA:19,0
LF:3
LH:0
BRDA:22,0,0,0
BRDA:22,0,1,0
BRDA:23,1,0,0
BRDA:23,1,1,0
BRF:4
BRH:0
end_of_record
TN:
SF:components/ui/use-toast.tsx
FN:29,genId
FN:60,(anonymous_1)
FN:71,(anonymous_2)
FN:84,(anonymous_3)
FN:91,(anonymous_4)
FN:110,(anonymous_5)
FN:119,dispatch
FN:121,(anonymous_7)
FN:126,addToRemoveQueue
FN:131,(anonymous_9)
FN:144,toast
FN:147,(anonymous_11)
FN:152,(anonymous_12)
FN:160,(anonymous_13)
FN:173,useToast
FN:176,(anonymous_15)
FN:178,(anonymous_16)
FN:189,(anonymous_17)
FNF:18
FNH:0
FNDA:0,genId
FNDA:0,(anonymous_1)
FNDA:0,(anonymous_2)
FNDA:0,(anonymous_3)
FNDA:0,(anonymous_4)
FNDA:0,(anonymous_5)
FNDA:0,dispatch
FNDA:0,(anonymous_7)
FNDA:0,addToRemoveQueue
FNDA:0,(anonymous_9)
FNDA:0,toast
FNDA:0,(anonymous_11)
FNDA:0,(anonymous_12)
FNDA:0,(anonymous_13)
FNDA:0,useToast
FNDA:0,(anonymous_15)
FNDA:0,(anonymous_16)
FNDA:0,(anonymous_17)
DA:10,0
DA:11,0
DA:20,0
DA:27,0
DA:30,0
DA:31,0
DA:58,0
DA:60,0
DA:61,0
DA:63,0
DA:69,0
DA:72,0
DA:77,0
DA:81,0
DA:82,0
DA:84,0
DA:85,0
DA:89,0
DA:92,0
DA:102,0
DA:103,0
DA:108,0
DA:110,0
DA:115,0
DA:117,0
DA:120,0
DA:121,0
DA:122,0
DA:127,0
DA:128,0
DA:131,0
DA:132,0
DA:133,0
DA:139,0
DA:145,0
DA:147,0
DA:148,0
DA:152,0
DA:154,0
DA:161,0
DA:166,0
DA:174,0
DA:176,0
DA:177,0
DA:178,0
DA:179,0
DA:180,0
DA:181,0
DA:186,0
DA:189,0
LF:50
LH:0
BRDA:61,0,0,0
BRDA:61,0,1,0
BRDA:61,0,2,0
BRDA:61,0,3,0
BRDA:72,1,0,0
BRDA:72,1,1,0
BRDA:81,2,0,0
BRDA:81,2,1,0
BRDA:92,3,0,0
BRDA:92,3,1,0
BRDA:92,4,0,0
BRDA:92,4,1,0
BRDA:102,5,0,0
BRDA:102,5,1,0
BRDA:127,6,0,0
BRDA:127,6,1,0
BRDA:161,7,0,0
BRDA:161,7,1,0
BRDA:180,8,0,0
BRDA:180,8,1,0
BRF:20
BRH:0
end_of_record
TN:
SF:components/warmup/plan-list.tsx
FN:9,(anonymous_0)
FN:15,(anonymous_1)
FN:16,(anonymous_2)
FN:29,(anonymous_3)
FN:55,(anonymous_4)
FN:85,(anonymous_5)
FN:150,(anonymous_6)
FN:178,(anonymous_7)
FN:190,(anonymous_8)
FNF:9
FNH:0
FNDA:0,(anonymous_0)
FNDA:0,(anonymous_1)
FNDA:0,(anonymous_2)
FNDA:0,(anonymous_3)
FNDA:0,(anonymous_4)
FNDA:0,(anonymous_5)
FNDA:0,(anonymous_6)
FNDA:0,(anonymous_7)
FNDA:0,(anonymous_8)
DA:9,0
DA:10,0
DA:11,0
DA:12,0
DA:15,0
DA:16,0
DA:17,0
DA:18,0
DA:21,0
DA:26,0
DA:29,0
DA:42,0
DA:44,0
DA:45,0
DA:47,0
DA:51,0
DA:55,0
DA:56,0
DA:57,0
DA:58,0
DA:61,0
DA:69,0
DA:72,0
DA:77,0
DA:78,0
DA:80,0
DA:85,0
DA:86,0
DA:87,0
DA:90,0
DA:95,0
DA:98,0
DA:100,0
DA:101,0
DA:103,0
DA:107,0
DA:108,0
DA:116,0
DA:117,0
DA:124,0
DA:125,0
DA:146,0
DA:151,0
DA:178,0
DA:190,0
LF:45
LH:0
BRDA:26,0,0,0
BRDA:26,0,1,0
BRDA:29,1,0,0
BRDA:29,1,1,0
BRDA:34,2,0,0
BRDA:34,2,1,0
BRDA:35,3,0,0
BRDA:35,3,1,0
BRDA:36,4,0,0
BRDA:36,4,1,0
BRDA:37,5,0,0
BRDA:37,5,1,0
BRDA:39,6,0,0
BRDA:39,6,1,0
BRDA:45,7,0,0
BRDA:45,7,1,0
BRDA:58,8,0,0
BRDA:58,8,1,0
BRDA:69,9,0,0
BRDA:69,9,1,0
BRDA:78,10,0,0
BRDA:78,10,1,0
BRDA:95,11,0,0
BRDA:95,11,1,0
BRDA:101,12,0,0
BRDA:101,12,1,0
BRDA:107,13,0,0
BRDA:107,13,1,0
BRDA:116,14,0,0
BRDA:116,14,1,0
BRDA:124,15,0,0
BRDA:124,15,1,0
BRDA:154,16,0,0
BRDA:154,16,1,0
BRDA:156,17,0,0
BRDA:156,17,1,0
BRDA:176,18,0,0
BRDA:176,18,1,0
BRDA:181,19,0,0
BRDA:181,19,1,0
BRDA:182,20,0,0
BRDA:182,20,1,0
BRDA:184,21,0,0
BRDA:184,21,1,0
BRDA:193,22,0,0
BRDA:193,22,1,0
BRDA:193,23,0,0
BRDA:193,23,1,0
BRDA:205,24,0,0
BRDA:205,24,1,0
BRDA:207,25,0,0
BRDA:207,25,1,0
BRDA:221,26,0,0
BRDA:221,26,1,0
BRDA:223,27,0,0
BRDA:223,27,1,0
BRDA:228,28,0,0
BRDA:228,28,1,0
BRDA:230,29,0,0
BRDA:230,29,1,0
BRF:60
BRH:0
end_of_record
TN:
SF:components/warmup/warmup-plan-card.tsx
FN:16,WarmupPlanCard
FNF:1
FNH:0
FNDA:0,WarmupPlanCard
DA:27,0
DA:33,0
DA:39,0
DA:45,0
DA:47,0
LF:5
LH:0
BRDA:90,0,0,0
BRDA:90,0,1,0
BRDA:100,1,0,0
BRDA:100,1,1,0
BRF:4
BRH:0
end_of_record
TN:
SF:lib/utils.ts
FN:4,cn
FNF:1
FNH:1
FNDA:24,cn
DA:5,24
LF:1
LH:1
BRF:0
BRH:0
end_of_record
TN:
SF:lib/store/authStore.ts
FN:25,(anonymous_0)
FN:30,(anonymous_1)
FN:36,(anonymous_2)
FN:46,(anonymous_3)
FN:47,(anonymous_4)
FN:48,(anonymous_5)
FN:49,(anonymous_6)
FN:51,(anonymous_7)
FNF:8
FNH:0
FNDA:0,(anonymous_0)
FNDA:0,(anonymous_1)
FNDA:0,(anonymous_2)
FNDA:0,(anonymous_3)
FNDA:0,(anonymous_4)
FNDA:0,(anonymous_5)
FNDA:0,(anonymous_6)
FNDA:0,(anonymous_7)
DA:21,0
DA:23,0
DA:25,0
DA:30,0
DA:36,0
DA:46,0
DA:47,0
DA:51,0
LF:8
LH:0
BRDA:45,0,0,0
BRDA:45,0,1,0
BRF:2
BRH:0
end_of_record
TN:
SF:lib/store/emailAccountsStore.ts
FN:32,(anonymous_0)
FN:37,(anonymous_1)
FN:39,(anonymous_2)
FN:39,(anonymous_3)
FN:43,(anonymous_4)
FN:43,(anonymous_5)
FN:44,(anonymous_6)
FN:49,(anonymous_7)
FN:49,(anonymous_8)
FN:50,(anonymous_9)
FN:53,(anonymous_10)
FN:55,(anonymous_11)
FNF:12
FNH:0
FNDA:0,(anonymous_0)
FNDA:0,(anonymous_1)
FNDA:0,(anonymous_2)
FNDA:0,(anonymous_3)
FNDA:0,(anonymous_4)
FNDA:0,(anonymous_5)
FNDA:0,(anonymous_6)
FNDA:0,(anonymous_7)
FNDA:0,(anonymous_8)
FNDA:0,(anonymous_9)
FNDA:0,(anonymous_10)
FNDA:0,(anonymous_11)
DA:32,0
DA:37,0
DA:39,0
DA:43,0
DA:45,0
DA:49,0
DA:50,0
DA:53,0
DA:55,0
LF:9
LH:0
BRDA:45,0,0,0
BRDA:45,0,1,0
BRF:2
BRH:0
end_of_record
TN:
SF:lib/store/index.ts
FNF:0
FNH:0
LF:0
LH:0
BRF:0
BRH:0
end_of_record
TN:
SF:lib/store/useAuth.ts
FN:28,(anonymous_0)
FN:32,(anonymous_1)
FN:38,(anonymous_2)
FN:44,(anonymous_3)
FN:50,(anonymous_4)
FN:60,retryWithBackoff
FN:80,(anonymous_6)
FN:88,(anonymous_7)
FN:102,(anonymous_8)
FN:132,useAuth
FN:142,(anonymous_10)
FN:153,(anonymous_11)
FN:163,(anonymous_12)
FN:201,(anonymous_13)
FN:223,(anonymous_14)
FN:285,(anonymous_15)
FN:330,(anonymous_16)
FN:334,(anonymous_17)
FN:397,(anonymous_18)
FN:449,(anonymous_19)
FN:455,(anonymous_20)
FN:465,(anonymous_21)
FN:469,(anonymous_22)
FN:473,(anonymous_23)
FN:482,(anonymous_24)
FN:486,(anonymous_25)
FN:497,(anonymous_26)
FN:498,(anonymous_27)
FN:499,(anonymous_28)
FN:514,(anonymous_29)
FN:516,(anonymous_30)
FNF:31
FNH:0
FNDA:0,(anonymous_0)
FNDA:0,(anonymous_1)
FNDA:0,(anonymous_2)
FNDA:0,(anonymous_3)
FNDA:0,(anonymous_4)
FNDA:0,retryWithBackoff
FNDA:0,(anonymous_6)
FNDA:0,(anonymous_7)
FNDA:0,(anonymous_8)
FNDA:0,useAuth
FNDA:0,(anonymous_10)
FNDA:0,(anonymous_11)
FNDA:0,(anonymous_12)
FNDA:0,(anonymous_13)
FNDA:0,(anonymous_14)
FNDA:0,(anonymous_15)
FNDA:0,(anonymous_16)
FNDA:0,(anonymous_17)
FNDA:0,(anonymous_18)
FNDA:0,(anonymous_19)
FNDA:0,(anonymous_20)
FNDA:0,(anonymous_21)
FNDA:0,(anonymous_22)
FNDA:0,(anonymous_23)
FNDA:0,(anonymous_24)
FNDA:0,(anonymous_25)
FNDA:0,(anonymous_26)
FNDA:0,(anonymous_27)
FNDA:0,(anonymous_28)
FNDA:0,(anonymous_29)
FNDA:0,(anonymous_30)
DA:18,0
DA:25,0
DA:27,0
DA:29,0
DA:33,0
DA:34,0
DA:39,0
DA:40,0
DA:45,0
DA:46,0
DA:51,0
DA:52,0
DA:61,0
DA:62,0
DA:64,0
DA:65,0
DA:66,0
DA:68,0
DA:70,0
DA:71,0
DA:75,0
DA:76,0
DA:78,0
DA:80,0
DA:88,0
DA:89,0
DA:91,0
DA:92,0
DA:94,0
DA:99,0
DA:102,0
DA:103,0
DA:105,0
DA:106,0
DA:108,0
DA:109,0
DA:110,0
DA:111,0
DA:112,0
DA:113,0
DA:116,0
DA:117,0
DA:119,0
DA:120,0
DA:121,0
DA:130,0
DA:133,0
DA:134,0
DA:135,0
DA:136,0
DA:139,0
DA:142,0
DA:153,0
DA:154,0
DA:155,0
DA:156,0
DA:159,0
DA:160,0
DA:162,0
DA:163,0
DA:167,0
DA:169,0
DA:177,0
DA:178,0
DA:179,0
DA:183,0
DA:184,0
DA:185,0
DA:186,0
DA:189,0
DA:191,0
DA:192,0
DA:194,0
DA:201,0
DA:202,0
DA:203,0
DA:204,0
DA:207,0
DA:208,0
DA:209,0
DA:211,0
DA:216,0
DA:217,0
DA:219,0
DA:222,0
DA:223,0
DA:226,0
DA:228,0
DA:230,0
DA:233,0
DA:234,0
DA:235,0
DA:239,0
DA:241,0
DA:242,0
DA:245,0
DA:247,0
DA:255,0
DA:256,0
DA:257,0
DA:260,0
DA:263,0
DA:265,0
DA:269,0
DA:270,0
DA:274,0
DA:275,0
DA:277,0
DA:278,0
DA:285,0
DA:286,0
DA:289,0
DA:294,0
DA:295,0
DA:296,0
DA:299,0
DA:300,0
DA:302,0
DA:304,0
DA:306,0
DA:307,0
DA:310,0
DA:311,0
DA:314,0
DA:315,0
DA:316,0
DA:320,0
DA:321,0
DA:322,0
DA:325,0
DA:330,0
DA:332,0
DA:334,0
DA:335,0
DA:336,0
DA:338,0
DA:340,0
DA:341,0
DA:342,0
DA:345,0
DA:349,0
DA:350,0
DA:354,0
DA:355,0
DA:356,0
DA:367,0
DA:368,0
DA:369,0
DA:370,0
DA:381,0
DA:384,0
DA:386,0
DA:387,0
DA:388,0
DA:389,0
DA:393,0
DA:396,0
DA:398,0
DA:400,0
DA:401,0
DA:402,0
DA:405,0
DA:406,0
DA:414,0
DA:415,0
DA:416,0
DA:417,0
DA:418,0
DA:420,0
DA:421,0
DA:429,0
DA:435,0
DA:436,0
DA:437,0
DA:440,0
DA:441,0
DA:442,0
DA:443,0
DA:445,0
DA:449,0
DA:450,0
DA:455,0
DA:456,0
DA:460,0
DA:461,0
DA:462,0
DA:465,0
DA:466,0
DA:469,0
DA:473,0
DA:474,0
DA:477,0
DA:478,0
DA:479,0
DA:482,0
DA:483,0
DA:486,0
DA:490,0
DA:491,0
DA:499,0
DA:503,0
DA:514,0
DA:515,0
DA:516,0
DA:517,0
DA:518,0
DA:521,0
DA:522,0
LF:208
LH:0
BRDA:25,0,0,0
BRDA:25,0,1,0
BRDA:33,1,0,0
BRDA:33,1,1,0
BRDA:39,2,0,0
BRDA:39,2,1,0
BRDA:45,3,0,0
BRDA:45,3,1,0
BRDA:51,4,0,0
BRDA:51,4,1,0
BRDA:60,5,0,0
BRDA:60,6,0,0
BRDA:70,7,0,0
BRDA:70,7,1,0
BRDA:89,8,0,0
BRDA:89,8,1,0
BRDA:103,9,0,0
BRDA:103,9,1,0
BRDA:106,10,0,0
BRDA:106,10,1,0
BRDA:110,11,0,0
BRDA:110,11,1,0
BRDA:154,12,0,0
BRDA:154,12,1,0
BRDA:167,13,0,0
BRDA:167,13,1,0
BRDA:167,14,0,0
BRDA:167,14,1,0
BRDA:172,15,0,0
BRDA:172,15,1,0
BRDA:173,16,0,0
BRDA:173,16,1,0
BRDA:183,17,0,0
BRDA:183,17,1,0
BRDA:183,18,0,0
BRDA:183,18,1,0
BRDA:202,19,0,0
BRDA:202,19,1,0
BRDA:202,20,0,0
BRDA:202,20,1,0
BRDA:211,21,0,0
BRDA:211,21,1,0
BRDA:211,21,2,0
BRDA:216,22,0,0
BRDA:216,22,1,0
BRDA:226,23,0,0
BRDA:226,23,1,0
BRDA:228,24,0,0
BRDA:228,24,1,0
BRDA:228,25,0,0
BRDA:228,25,1,0
BRDA:233,26,0,0
BRDA:233,26,1,0
BRDA:245,27,0,0
BRDA:245,27,1,0
BRDA:250,28,0,0
BRDA:250,28,1,0
BRDA:251,29,0,0
BRDA:251,29,1,0
BRDA:263,30,0,0
BRDA:263,30,1,0
BRDA:265,31,0,0
BRDA:265,31,1,0
BRDA:265,32,0,0
BRDA:265,32,1,0
BRDA:265,32,2,0
BRDA:265,32,3,0
BRDA:286,33,0,0
BRDA:286,33,1,0
BRDA:286,34,0,0
BRDA:286,34,1,0
BRDA:289,35,0,0
BRDA:289,35,1,0
BRDA:289,35,2,0
BRDA:294,36,0,0
BRDA:294,36,1,0
BRDA:302,37,0,0
BRDA:302,37,1,0
BRDA:304,38,0,0
BRDA:304,38,1,0
BRDA:304,39,0,0
BRDA:304,39,1,0
BRDA:314,40,0,0
BRDA:314,40,1,0
BRDA:320,41,0,0
BRDA:320,41,1,0
BRDA:320,42,0,0
BRDA:320,42,1,0
BRDA:320,42,2,0
BRDA:332,43,0,0
BRDA:332,43,1,0
BRDA:345,44,0,0
BRDA:345,44,1,0
BRDA:349,45,0,0
BRDA:349,45,1,0
BRDA:354,46,0,0
BRDA:354,46,1,0
BRDA:368,47,0,0
BRDA:368,47,1,0
BRDA:368,48,0,0
BRDA:368,48,1,0
BRDA:373,49,0,0
BRDA:373,49,1,0
BRDA:374,50,0,0
BRDA:374,50,1,0
BRDA:400,51,0,0
BRDA:400,51,1,0
BRDA:405,52,0,0
BRDA:405,52,1,0
BRDA:405,53,0,0
BRDA:405,53,1,0
BRDA:409,54,0,0
BRDA:409,54,1,0
BRDA:410,55,0,0
BRDA:410,55,1,0
BRDA:415,56,0,0
BRDA:415,56,1,0
BRDA:417,57,0,0
BRDA:417,57,1,0
BRDA:420,58,0,0
BRDA:420,58,1,0
BRDA:420,59,0,0
BRDA:420,59,1,0
BRDA:424,60,0,0
BRDA:424,60,1,0
BRDA:425,61,0,0
BRDA:425,61,1,0
BRDA:435,62,0,0
BRDA:435,62,1,0
BRDA:456,63,0,0
BRDA:456,63,1,0
BRDA:456,64,0,0
BRDA:456,64,1,0
BRDA:460,65,0,0
BRDA:460,65,1,0
BRDA:460,66,0,0
BRDA:460,66,1,0
BRDA:474,67,0,0
BRDA:474,67,1,0
BRDA:474,68,0,0
BRDA:474,68,1,0
BRDA:474,68,2,0
BRDA:477,69,0,0
BRDA:477,69,1,0
BRDA:477,70,0,0
BRDA:477,70,1,0
BRDA:490,71,0,0
BRDA:490,71,1,0
BRDA:521,72,0,0
BRDA:521,72,1,0
BRDA:521,73,0,0
BRDA:521,73,1,0
BRF:152
BRH:0
end_of_record
TN:
SF:lib/store/warmupStore.ts
FN:46,(anonymous_0)
FN:52,(anonymous_1)
FN:54,(anonymous_2)
FN:54,(anonymous_3)
FN:58,(anonymous_4)
FN:58,(anonymous_5)
FN:59,(anonymous_6)
FN:64,(anonymous_7)
FN:64,(anonymous_8)
FN:65,(anonymous_9)
FN:68,(anonymous_10)
FN:70,(anonymous_11)
FN:70,(anonymous_12)
FN:74,(anonymous_13)
FN:76,(anonymous_14)
FNF:15
FNH:0
FNDA:0,(anonymous_0)
FNDA:0,(anonymous_1)
FNDA:0,(anonymous_2)
FNDA:0,(anonymous_3)
FNDA:0,(anonymous_4)
FNDA:0,(anonymous_5)
FNDA:0,(anonymous_6)
FNDA:0,(anonymous_7)
FNDA:0,(anonymous_8)
FNDA:0,(anonymous_9)
FNDA:0,(anonymous_10)
FNDA:0,(anonymous_11)
FNDA:0,(anonymous_12)
FNDA:0,(anonymous_13)
FNDA:0,(anonymous_14)
DA:46,0
DA:52,0
DA:54,0
DA:58,0
DA:60,0
DA:64,0
DA:65,0
DA:68,0
DA:70,0
DA:74,0
DA:76,0
LF:11
LH:0
BRDA:60,0,0,0
BRDA:60,0,1,0
BRF:2
BRH:0
end_of_record
TN:
SF:lib/supabase/client.singleton.ts
FNF:0
FNH:0
DA:5,0
LF:1
LH:0
BRF:0
BRH:0
end_of_record
TN:
SF:lib/supabase/client.ts
FN:3,createClient
FNF:1
FNH:0
FNDA:0,createClient
DA:4,0
LF:1
LH:0
BRF:0
BRH:0
end_of_record
TN:
SF:lib/supabase/index.ts
FNF:0
FNH:0
LF:0
LH:0
BRF:0
BRH:0
end_of_record
TN:
SF:lib/supabase/middleware.ts
FN:5,createClient
FN:26,(anonymous_1)
FN:29,(anonymous_2)
FN:30,(anonymous_3)
FN:34,(anonymous_4)
FN:45,updateSession
FN:143,isPublicRoute
FN:153,(anonymous_7)
FN:157,shouldSkipMiddleware
FNF:9
FNH:0
FNDA:0,createClient
FNDA:0,(anonymous_1)
FNDA:0,(anonymous_2)
FNDA:0,(anonymous_3)
FNDA:0,(anonymous_4)
FNDA:0,updateSession
FNDA:0,isPublicRoute
FNDA:0,(anonymous_7)
FNDA:0,shouldSkipMiddleware
DA:7,0
DA:8,0
DA:15,0
DA:21,0
DA:27,0
DA:30,0
DA:31,0
DA:34,0
DA:35,0
DA:42,0
DA:47,0
DA:48,0
DA:52,0
DA:53,0
DA:56,0
DA:59,0
DA:60,0
DA:64,0
DA:67,0
DA:70,0
DA:74,0
DA:75,0
DA:78,0
DA:80,0
DA:83,0
DA:86,0
DA:91,0
DA:92,0
DA:98,0
DA:101,0
DA:104,0
DA:105,0
DA:106,0
DA:107,0
DA:108,0
DA:113,0
DA:119,0
DA:120,0
DA:121,0
DA:125,0
DA:126,0
DA:127,0
DA:128,0
DA:132,0
DA:133,0
DA:134,0
DA:135,0
DA:136,0
DA:139,0
DA:144,0
DA:153,0
DA:159,0
DA:164,0
LF:53
LH:0
BRDA:7,0,0,0
BRDA:7,0,1,0
BRDA:47,1,0,0
BRDA:47,1,1,0
BRDA:52,2,0,0
BRDA:52,2,1,0
BRDA:59,3,0,0
BRDA:59,3,1,0
BRDA:74,4,0,0
BRDA:74,4,1,0
BRDA:74,5,0,0
BRDA:74,5,1,0
BRDA:101,6,0,0
BRDA:101,6,1,0
BRDA:104,7,0,0
BRDA:104,7,1,0
BRDA:113,8,0,0
BRDA:113,8,1,0
BRDA:114,9,0,0
BRDA:114,9,1,0
BRDA:114,9,2,0
BRDA:119,10,0,0
BRDA:119,10,1,0
BRDA:132,11,0,0
BRDA:132,11,1,0
BRDA:132,12,0,0
BRDA:132,12,1,0
BRDA:159,13,0,0
BRDA:159,13,1,0
BRDA:159,13,2,0
BRF:30
BRH:0
end_of_record
TN:
SF:lib/supabase/server.ts
FN:14,(anonymous_0)
FN:28,(anonymous_1)
FN:29,(anonymous_2)
FN:39,(anonymous_3)
FN:42,(anonymous_4)
FN:44,(anonymous_5)
FNF:6
FNH:0
FNDA:0,(anonymous_0)
FNDA:0,(anonymous_1)
FNDA:0,(anonymous_2)
FNDA:0,(anonymous_3)
FNDA:0,(anonymous_4)
FNDA:0,(anonymous_5)
DA:5,0
DA:6,0
DA:9,0
DA:10,0
DA:11,0
DA:14,0
DA:16,0
DA:19,0
DA:20,0
DA:22,0
DA:23,0
DA:25,0
DA:27,0
DA:28,0
DA:34,0
DA:40,0
DA:43,0
DA:44,0
DA:45,0
DA:52,0
LF:20
LH:0
BRDA:9,0,0,0
BRDA:9,0,1,0
BRDA:9,1,0,0
BRDA:9,1,1,0
BRDA:19,2,0,0
BRDA:19,2,1,0
BRF:6
BRH:0
end_of_record
TN:
SF:lib/utils/email-connection.ts
FN:56,testEmailConnection
FN:130,(anonymous_1)
FN:164,(anonymous_2)
FN:288,(anonymous_3)
FN:322,(anonymous_4)
FN:332,(anonymous_5)
FN:564,testEmailConnectionWithStoredCredentials
FNF:7
FNH:0
FNDA:0,testEmailConnection
FNDA:0,(anonymous_1)
FNDA:0,(anonymous_2)
FNDA:0,(anonymous_3)
FNDA:0,(anonymous_4)
FNDA:0,(anonymous_5)
FNDA:0,testEmailConnectionWithStoredCredentials
DA:6,0
DA:7,0
DA:8,0
DA:63,0
DA:64,0
DA:72,0
DA:73,0
DA:75,0
DA:77,0
DA:86,0
DA:87,0
DA:88,0
DA:89,0
DA:90,0
DA:94,0
DA:103,0
DA:104,0
DA:105,0
DA:107,0
DA:108,0
DA:109,0
DA:120,0
DA:121,0
DA:124,0
DA:125,0
DA:129,0
DA:130,0
DA:133,0
DA:134,0
DA:137,0
DA:138,0
DA:139,0
DA:141,0
DA:142,0
DA:144,0
DA:146,0
DA:153,0
DA:154,0
DA:155,0
DA:157,0
DA:161,0
DA:163,0
DA:164,0
DA:170,0
DA:171,0
DA:172,0
DA:175,0
DA:176,0
DA:177,0
DA:187,0
DA:188,0
DA:190,0
DA:194,0
DA:195,0
DA:196,0
DA:203,0
DA:204,0
DA:206,0
DA:210,0
DA:214,0
DA:218,0
DA:220,0
DA:223,0
DA:224,0
DA:227,0
DA:228,0
DA:229,0
DA:230,0
DA:234,0
DA:235,0
DA:236,0
DA:237,0
DA:238,0
DA:242,0
DA:272,0
DA:273,0
DA:276,0
DA:277,0
DA:278,0
DA:280,0
DA:281,0
DA:283,0
DA:284,0
DA:287,0
DA:288,0
DA:290,0
DA:313,0
DA:315,0
DA:316,0
DA:317,0
DA:319,0
DA:321,0
DA:322,0
DA:323,0
DA:326,0
DA:329,0
DA:331,0
DA:332,0
DA:337,0
DA:339,0
DA:340,0
DA:341,0
DA:343,0
DA:344,0
DA:345,0
DA:348,0
DA:351,0
DA:353,0
DA:369,0
DA:371,0
DA:374,0
DA:375,0
DA:378,0
DA:379,0
DA:382,0
DA:383,0
DA:386,0
DA:389,0
DA:390,0
DA:391,0
DA:394,0
DA:395,0
DA:396,0
DA:397,0
DA:402,0
DA:405,0
DA:421,0
DA:430,0
DA:433,0
DA:434,0
DA:435,0
DA:442,0
DA:447,0
DA:448,0
DA:451,0
DA:454,0
DA:455,0
DA:457,0
DA:458,0
DA:462,0
DA:466,0
DA:469,0
DA:470,0
DA:471,0
DA:474,0
DA:485,0
DA:486,0
DA:487,0
DA:488,0
DA:489,0
DA:490,0
DA:495,0
DA:496,0
DA:497,0
DA:498,0
DA:499,0
DA:500,0
DA:501,0
DA:502,0
DA:503,0
DA:504,0
DA:505,0
DA:506,0
DA:508,0
DA:509,0
DA:510,0
DA:514,0
DA:515,0
DA:516,0
DA:524,0
DA:531,0
DA:534,0
DA:537,0
DA:572,0
DA:573,0
DA:580,0
DA:581,0
DA:584,0
DA:591,0
DA:592,0
DA:596,0
DA:602,0
DA:603,0
DA:607,0
DA:620,0
DA:621,0
DA:622,0
DA:629,0
DA:634,0
DA:636,0
DA:637,0
LF:191
LH:0
BRDA:6,0,0,0
BRDA:6,0,1,0
BRDA:7,1,0,0
BRDA:7,1,1,0
BRDA:58,2,0,0
BRDA:63,3,0,0
BRDA:63,3,1,0
BRDA:72,4,0,0
BRDA:72,4,1,0
BRDA:86,5,0,0
BRDA:86,5,1,0
BRDA:86,6,0,0
BRDA:86,6,1,0
BRDA:86,6,2,0
BRDA:89,7,0,0
BRDA:89,7,1,0
BRDA:103,8,0,0
BRDA:103,8,1,0
BRDA:107,9,0,0
BRDA:107,9,1,0
BRDA:124,10,0,0
BRDA:124,10,1,0
BRDA:141,11,0,0
BRDA:141,11,1,0
BRDA:141,11,2,0
BRDA:153,12,0,0
BRDA:153,12,1,0
BRDA:161,13,0,0
BRDA:161,13,1,0
BRDA:163,14,0,0
BRDA:163,14,1,0
BRDA:170,15,0,0
BRDA:170,15,1,0
BRDA:170,16,0,0
BRDA:170,16,1,0
BRDA:171,17,0,0
BRDA:171,17,1,0
BRDA:187,18,0,0
BRDA:187,18,1,0
BRDA:203,19,0,0
BRDA:203,19,1,0
BRDA:220,20,0,0
BRDA:220,20,1,0
BRDA:227,21,0,0
BRDA:227,21,1,0
BRDA:230,22,0,0
BRDA:230,22,1,0
BRDA:230,23,0,0
BRDA:230,23,1,0
BRDA:230,23,2,0
BRDA:236,24,0,0
BRDA:236,24,1,0
BRDA:236,25,0,0
BRDA:236,25,1,0
BRDA:251,26,0,0
BRDA:251,26,1,0
BRDA:252,27,0,0
BRDA:252,27,1,0
BRDA:253,28,0,0
BRDA:253,28,1,0
BRDA:254,29,0,0
BRDA:254,29,1,0
BRDA:263,30,0,0
BRDA:263,30,1,0
BRDA:264,31,0,0
BRDA:264,31,1,0
BRDA:266,32,0,0
BRDA:266,32,1,0
BRDA:280,33,0,0
BRDA:280,33,1,0
BRDA:280,33,2,0
BRDA:315,34,0,0
BRDA:315,34,1,0
BRDA:321,35,0,0
BRDA:321,35,1,0
BRDA:321,36,0,0
BRDA:321,36,1,0
BRDA:329,37,0,0
BRDA:329,37,1,0
BRDA:331,38,0,0
BRDA:331,38,1,0
BRDA:339,39,0,0
BRDA:339,39,1,0
BRDA:339,40,0,0
BRDA:339,40,1,0
BRDA:340,41,0,0
BRDA:340,41,1,0
BRDA:344,42,0,0
BRDA:344,42,1,0
BRDA:355,43,0,0
BRDA:355,43,1,0
BRDA:374,44,0,0
BRDA:374,44,1,0
BRDA:391,45,0,0
BRDA:391,45,1,0
BRDA:391,46,0,0
BRDA:391,46,1,0
BRDA:394,47,0,0
BRDA:394,47,1,0
BRDA:394,48,0,0
BRDA:394,48,1,0
BRDA:396,49,0,0
BRDA:396,49,1,0
BRDA:396,50,0,0
BRDA:396,50,1,0
BRDA:411,51,0,0
BRDA:411,51,1,0
BRDA:412,52,0,0
BRDA:412,52,1,0
BRDA:447,53,0,0
BRDA:447,53,1,0
BRDA:457,54,0,0
BRDA:457,54,1,0
BRDA:475,55,0,0
BRDA:475,55,1,0
BRDA:480,56,0,0
BRDA:480,56,1,0
BRDA:481,57,0,0
BRDA:481,57,1,0
BRDA:485,58,0,0
BRDA:485,58,1,0
BRDA:485,59,0,0
BRDA:485,59,1,0
BRDA:490,60,0,0
BRDA:490,60,1,0
BRDA:490,61,0,0
BRDA:490,61,1,0
BRDA:490,61,2,0
BRDA:490,61,3,0
BRDA:500,62,0,0
BRDA:500,62,1,0
BRDA:500,63,0,0
BRDA:500,63,1,0
BRDA:506,64,0,0
BRDA:506,64,1,0
BRDA:508,65,0,0
BRDA:508,65,1,0
BRDA:539,66,0,0
BRDA:539,66,1,0
BRDA:541,67,0,0
BRDA:541,67,1,0
BRDA:542,68,0,0
BRDA:542,68,1,0
BRDA:543,69,0,0
BRDA:543,69,1,0
BRDA:567,70,0,0
BRDA:572,71,0,0
BRDA:572,71,1,0
BRDA:572,72,0,0
BRDA:572,72,1,0
BRDA:591,73,0,0
BRDA:591,73,1,0
BRDA:591,74,0,0
BRDA:591,74,1,0
BRDA:602,75,0,0
BRDA:602,75,1,0
BRDA:620,76,0,0
BRDA:620,76,1,0
BRDA:639,77,0,0
BRDA:639,77,1,0
BRF:160
BRH:0
end_of_record
TN:
SF:lib/utils/email-examples.ts
FN:14,buscarEmailsNaoLidos
FN:42,buscarEmailsPorAssunto
FN:68,buscarEmailsComAnexos
FN:85,(anonymous_3)
FN:95,lerEmailEspecifico
FN:119,marcarEmailsComoLidos
FN:147,obterEstatisticasDePastas
FN:192,buscarEmailsRecentes
FN:222,formatarDetalhesEmail
FN:223,(anonymous_9)
FN:224,(anonymous_10)
FNF:11
FNH:0
FNDA:0,buscarEmailsNaoLidos
FNDA:0,buscarEmailsPorAssunto
FNDA:0,buscarEmailsComAnexos
FNDA:0,(anonymous_3)
FNDA:0,lerEmailEspecifico
FNDA:0,marcarEmailsComoLidos
FNDA:0,obterEstatisticasDePastas
FNDA:0,buscarEmailsRecentes
FNDA:0,formatarDetalhesEmail
FNDA:0,(anonymous_9)
FNDA:0,(anonymous_10)
DA:15,0
DA:17,0
DA:20,0
DA:27,0
DA:28,0
DA:29,0
DA:32,0
DA:34,0
DA:35,0
DA:43,0
DA:44,0
DA:47,0
DA:53,0
DA:54,0
DA:55,0
DA:58,0
DA:60,0
DA:61,0
DA:69,0
DA:70,0
DA:73,0
DA:79,0
DA:80,0
DA:81,0
DA:85,0
DA:87,0
DA:88,0
DA:96,0
DA:97,0
DA:100,0
DA:104,0
DA:105,0
DA:106,0
DA:109,0
DA:111,0
DA:112,0
DA:120,0
DA:121,0
DA:122,0
DA:125,0
DA:126,0
DA:127,0
DA:132,0
DA:133,0
DA:137,0
DA:139,0
DA:140,0
DA:148,0
DA:149,0
DA:152,0
DA:154,0
DA:155,0
DA:156,0
DA:160,0
DA:161,0
DA:163,0
DA:164,0
DA:170,0
DA:174,0
DA:176,0
DA:177,0
DA:182,0
DA:184,0
DA:185,0
DA:193,0
DA:194,0
DA:197,0
DA:198,0
DA:201,0
DA:207,0
DA:208,0
DA:209,0
DA:212,0
DA:214,0
DA:215,0
DA:223,0
DA:224,0
DA:225,0
DA:227,0
LF:79
LH:0
BRDA:14,0,0,0
BRDA:27,1,0,0
BRDA:27,1,1,0
BRDA:32,2,0,0
BRDA:32,2,1,0
BRDA:53,3,0,0
BRDA:53,3,1,0
BRDA:58,4,0,0
BRDA:58,4,1,0
BRDA:79,5,0,0
BRDA:79,5,1,0
BRDA:79,6,0,0
BRDA:79,6,1,0
BRDA:104,7,0,0
BRDA:104,7,1,0
BRDA:104,8,0,0
BRDA:104,8,1,0
BRDA:132,9,0,0
BRDA:132,9,1,0
BRDA:154,10,0,0
BRDA:154,10,1,0
BRDA:154,11,0,0
BRDA:154,11,1,0
BRDA:164,12,0,0
BRDA:164,12,1,0
BRDA:164,13,0,0
BRDA:164,13,1,0
BRDA:164,13,2,0
BRDA:164,13,3,0
BRDA:170,14,0,0
BRDA:170,14,1,0
BRDA:176,15,0,0
BRDA:176,15,1,0
BRDA:176,16,0,0
BRDA:176,16,1,0
BRDA:192,17,0,0
BRDA:207,18,0,0
BRDA:207,18,1,0
BRDA:212,19,0,0
BRDA:212,19,1,0
BRDA:223,20,0,0
BRDA:223,20,1,0
BRDA:224,21,0,0
BRDA:224,21,1,0
BRDA:225,22,0,0
BRDA:225,22,1,0
BRDA:234,23,0,0
BRDA:234,23,1,0
BRDA:236,24,0,0
BRDA:236,24,1,0
BRF:50
BRH:0
end_of_record
TN:
SF:lib/utils/imap-connection-pool.ts
FN:35,(anonymous_0)
FN:49,(anonymous_1)
FN:59,(anonymous_2)
FN:66,(anonymous_3)
FN:107,(anonymous_4)
FN:135,(anonymous_5)
FN:156,(anonymous_6)
FN:181,(anonymous_7)
FN:186,(anonymous_8)
FN:194,(anonymous_9)
FN:198,(anonymous_10)
FN:217,(anonymous_11)
FN:229,(anonymous_12)
FN:238,(anonymous_13)
FN:247,(anonymous_14)
FNF:15
FNH:0
FNDA:0,(anonymous_0)
FNDA:0,(anonymous_1)
FNDA:0,(anonymous_2)
FNDA:0,(anonymous_3)
FNDA:0,(anonymous_4)
FNDA:0,(anonymous_5)
FNDA:0,(anonymous_6)
FNDA:0,(anonymous_7)
FNDA:0,(anonymous_8)
FNDA:0,(anonymous_9)
FNDA:0,(anonymous_10)
FNDA:0,(anonymous_11)
FNDA:0,(anonymous_12)
FNDA:0,(anonymous_13)
FNDA:0,(anonymous_14)
DA:30,0
DA:36,0
DA:37,0
DA:38,0
DA:39,0
DA:40,0
DA:43,0
DA:50,0
DA:51,0
DA:53,0
DA:60,0
DA:67,0
DA:70,0
DA:71,0
DA:74,0
DA:75,0
DA:76,0
DA:80,0
DA:81,0
DA:85,0
DA:86,0
DA:88,0
DA:89,0
DA:92,0
DA:96,0
DA:97,0
DA:101,0
DA:108,0
DA:109,0
DA:112,0
DA:115,0
DA:117,0
DA:118,0
DA:122,0
DA:129,0
DA:136,0
DA:138,0
DA:139,0
DA:140,0
DA:141,0
DA:143,0
DA:144,0
DA:147,0
DA:150,0
DA:157,0
DA:159,0
DA:160,0
DA:163,0
DA:166,0
DA:168,0
DA:169,0
DA:172,0
DA:175,0
DA:182,0
DA:183,0
DA:186,0
DA:187,0
DA:195,0
DA:198,0
DA:200,0
DA:201,0
DA:202,0
DA:206,0
DA:209,0
DA:218,0
DA:219,0
DA:223,0
DA:224,0
DA:225,0
DA:229,0
DA:230,0
DA:231,0
DA:243,0
DA:244,0
DA:247,0
DA:248,0
DA:249,0
DA:251,0
DA:255,0
LF:79
LH:0
BRDA:35,0,0,0
BRDA:37,1,0,0
BRDA:37,1,1,0
BRDA:38,2,0,0
BRDA:38,2,1,0
BRDA:39,3,0,0
BRDA:39,3,1,0
BRDA:40,4,0,0
BRDA:40,4,1,0
BRDA:50,5,0,0
BRDA:50,5,1,0
BRDA:70,6,0,0
BRDA:70,6,1,0
BRDA:74,7,0,0
BRDA:74,7,1,0
BRDA:75,8,0,0
BRDA:75,8,1,0
BRDA:88,9,0,0
BRDA:88,9,1,0
BRDA:96,10,0,0
BRDA:96,10,1,0
BRDA:108,11,0,0
BRDA:108,11,1,0
BRDA:117,12,0,0
BRDA:117,12,1,0
BRDA:118,13,0,0
BRDA:118,13,1,0
BRDA:138,14,0,0
BRDA:138,14,1,0
BRDA:143,15,0,0
BRDA:143,15,1,0
BRDA:159,16,0,0
BRDA:159,16,1,0
BRDA:168,17,0,0
BRDA:168,17,1,0
BRDA:182,18,0,0
BRDA:182,18,1,0
BRDA:200,19,0,0
BRDA:200,19,1,0
BRDA:200,20,0,0
BRDA:200,20,1,0
BRDA:201,21,0,0
BRDA:201,21,1,0
BRDA:218,22,0,0
BRDA:218,22,1,0
BRDA:223,23,0,0
BRDA:223,23,1,0
BRDA:248,24,0,0
BRDA:248,24,1,0
BRF:49
BRH:0
end_of_record
TN:
SF:lib/utils/imap-connection.ts
FN:50,(anonymous_0)
FN:63,(anonymous_1)
FN:70,(anonymous_2)
FN:86,(anonymous_3)
FN:112,(anonymous_4)
FN:122,(anonymous_5)
FN:151,(anonymous_6)
FN:157,(anonymous_7)
FN:162,(anonymous_8)
FN:185,(anonymous_9)
FN:186,(anonymous_10)
FN:203,(anonymous_11)
FN:211,(anonymous_12)
FN:212,(anonymous_13)
FN:228,(anonymous_14)
FN:236,(anonymous_15)
FN:237,(anonymous_16)
FN:252,(anonymous_17)
FN:269,(anonymous_18)
FN:283,(anonymous_19)
FN:284,(anonymous_20)
FN:306,(anonymous_21)
FN:313,(anonymous_22)
FN:316,(anonymous_23)
FN:320,(anonymous_24)
FN:330,(anonymous_25)
FN:337,(anonymous_26)
FN:342,(anonymous_27)
FN:346,(anonymous_28)
FN:359,(anonymous_29)
FN:382,(anonymous_30)
FNF:31
FNH:0
FNDA:0,(anonymous_0)
FNDA:0,(anonymous_1)
FNDA:0,(anonymous_2)
FNDA:0,(anonymous_3)
FNDA:0,(anonymous_4)
FNDA:0,(anonymous_5)
FNDA:0,(anonymous_6)
FNDA:0,(anonymous_7)
FNDA:0,(anonymous_8)
FNDA:0,(anonymous_9)
FNDA:0,(anonymous_10)
FNDA:0,(anonymous_11)
FNDA:0,(anonymous_12)
FNDA:0,(anonymous_13)
FNDA:0,(anonymous_14)
FNDA:0,(anonymous_15)
FNDA:0,(anonymous_16)
FNDA:0,(anonymous_17)
FNDA:0,(anonymous_18)
FNDA:0,(anonymous_19)
FNDA:0,(anonymous_20)
FNDA:0,(anonymous_21)
FNDA:0,(anonymous_22)
FNDA:0,(anonymous_23)
FNDA:0,(anonymous_24)
FNDA:0,(anonymous_25)
FNDA:0,(anonymous_26)
FNDA:0,(anonymous_27)
FNDA:0,(anonymous_28)
FNDA:0,(anonymous_29)
FNDA:0,(anonymous_30)
DA:42,0
DA:44,0
DA:45,0
DA:51,0
DA:62,0
DA:63,0
DA:72,0
DA:73,0
DA:77,0
DA:78,0
DA:86,0
DA:87,0
DA:89,0
DA:90,0
DA:91,0
DA:95,0
DA:99,0
DA:109,0
DA:112,0
DA:113,0
DA:114,0
DA:115,0
DA:122,0
DA:123,0
DA:126,0
DA:129,0
DA:130,0
DA:133,0
DA:134,0
DA:136,0
DA:137,0
DA:138,0
DA:139,0
DA:142,0
DA:143,0
DA:145,0
DA:151,0
DA:152,0
DA:153,0
DA:157,0
DA:158,0
DA:162,0
DA:163,0
DA:164,0
DA:165,0
DA:166,0
DA:171,0
DA:172,0
DA:174,0
DA:182,0
DA:185,0
DA:186,0
DA:188,0
DA:189,0
DA:190,0
DA:197,0
DA:204,0
DA:205,0
DA:207,0
DA:208,0
DA:211,0
DA:212,0
DA:213,0
DA:214,0
DA:216,0
DA:221,0
DA:229,0
DA:230,0
DA:232,0
DA:233,0
DA:236,0
DA:237,0
DA:238,0
DA:239,0
DA:241,0
DA:252,0
DA:253,0
DA:254,0
DA:256,0
DA:262,0
DA:271,0
DA:272,0
DA:274,0
DA:275,0
DA:279,0
DA:280,0
DA:283,0
DA:284,0
DA:285,0
DA:286,0
DA:287,0
DA:291,0
DA:293,0
DA:294,0
DA:295,0
DA:298,0
DA:300,0
DA:306,0
DA:307,0
DA:313,0
DA:314,0
DA:316,0
DA:317,0
DA:320,0
DA:321,0
DA:323,0
DA:325,0
DA:330,0
DA:331,0
DA:332,0
DA:333,0
DA:334,0
DA:337,0
DA:338,0
DA:342,0
DA:343,0
DA:346,0
DA:347,0
DA:352,0
DA:360,0
DA:361,0
DA:363,0
DA:366,0
DA:367,0
DA:370,0
DA:373,0
DA:374,0
DA:375,0
DA:384,0
DA:385,0
DA:388,0
DA:389,0
DA:395,0
DA:396,0
DA:397,0
DA:403,0
DA:404,0
DA:405,0
DA:411,0
DA:412,0
DA:418,0
DA:419,0
DA:420,0
DA:426,0
DA:436,0
DA:437,0
DA:442,0
DA:443,0
DA:445,0
DA:446,0
DA:451,0
DA:452,0
LF:152
LH:0
BRDA:50,0,0,0
BRDA:62,1,0,0
BRDA:62,1,1,0
BRDA:72,2,0,0
BRDA:72,2,1,0
BRDA:77,3,0,0
BRDA:77,3,1,0
BRDA:77,4,0,0
BRDA:77,4,1,0
BRDA:89,5,0,0
BRDA:89,5,1,0
BRDA:105,6,0,0
BRDA:105,6,1,0
BRDA:126,7,0,0
BRDA:126,7,1,0
BRDA:129,8,0,0
BRDA:129,8,1,0
BRDA:133,9,0,0
BRDA:133,9,1,0
BRDA:133,10,0,0
BRDA:133,10,1,0
BRDA:136,11,0,0
BRDA:136,11,1,0
BRDA:136,12,0,0
BRDA:136,12,1,0
BRDA:138,13,0,0
BRDA:138,13,1,0
BRDA:138,14,0,0
BRDA:138,14,1,0
BRDA:163,15,0,0
BRDA:163,15,1,0
BRDA:166,16,0,0
BRDA:166,16,1,0
BRDA:207,17,0,0
BRDA:207,17,1,0
BRDA:207,18,0,0
BRDA:207,18,1,0
BRDA:208,19,0,0
BRDA:208,19,1,0
BRDA:213,20,0,0
BRDA:213,20,1,0
BRDA:228,21,0,0
BRDA:228,22,0,0
BRDA:232,23,0,0
BRDA:232,23,1,0
BRDA:232,24,0,0
BRDA:232,24,1,0
BRDA:233,25,0,0
BRDA:233,25,1,0
BRDA:238,26,0,0
BRDA:238,26,1,0
BRDA:253,27,0,0
BRDA:253,27,1,0
BRDA:269,28,0,0
BRDA:269,29,0,0
BRDA:274,30,0,0
BRDA:274,30,1,0
BRDA:274,31,0,0
BRDA:274,31,1,0
BRDA:275,32,0,0
BRDA:275,32,1,0
BRDA:279,33,0,0
BRDA:279,33,1,0
BRDA:285,34,0,0
BRDA:285,34,1,0
BRDA:291,35,0,0
BRDA:291,35,1,0
BRDA:293,36,0,0
BRDA:293,36,1,0
BRDA:321,37,0,0
BRDA:321,37,1,0
BRDA:361,38,0,0
BRDA:361,38,1,0
BRDA:382,39,0,0
BRDA:395,40,0,0
BRDA:395,40,1,0
BRDA:395,41,0,0
BRDA:395,41,1,0
BRDA:398,42,0,0
BRDA:398,42,1,0
BRDA:403,43,0,0
BRDA:403,43,1,0
BRDA:403,44,0,0
BRDA:403,44,1,0
BRDA:418,45,0,0
BRDA:418,45,1,0
BRDA:431,46,0,0
BRDA:431,46,1,0
BRDA:432,47,0,0
BRDA:432,47,1,0
BRDA:436,48,0,0
BRDA:436,48,1,0
BRDA:436,49,0,0
BRDA:436,49,1,0
BRF:94
BRH:0
end_of_record
TN:
SF:lib/utils/imap-event-examples.ts
FN:14,monitorarNovasMessagens
FN:27,(anonymous_1)
FN:33,(anonymous_2)
FN:58,monitorarMarcacaoEmails
FN:70,(anonymous_4)
FN:95,monitorarExclusaoEmails
FN:107,(anonymous_6)
FN:132,monitorarMultiplasPastas
FN:145,(anonymous_8)
FN:149,(anonymous_9)
FN:153,(anonymous_10)
FN:168,(anonymous_11)
FN:186,(anonymous_12)
FN:187,(anonymous_13)
FN:201,iniciarMonitoramentoContaArmazenada
FN:219,(anonymous_15)
FN:223,(anonymous_16)
FN:227,(anonymous_17)
FN:231,(anonymous_18)
FN:235,(anonymous_19)
FNF:20
FNH:0
FNDA:0,monitorarNovasMessagens
FNDA:0,(anonymous_1)
FNDA:0,(anonymous_2)
FNDA:0,monitorarMarcacaoEmails
FNDA:0,(anonymous_4)
FNDA:0,monitorarExclusaoEmails
FNDA:0,(anonymous_6)
FNDA:0,monitorarMultiplasPastas
FNDA:0,(anonymous_8)
FNDA:0,(anonymous_9)
FNDA:0,(anonymous_10)
FNDA:0,(anonymous_11)
FNDA:0,(anonymous_12)
FNDA:0,(anonymous_13)
FNDA:0,iniciarMonitoramentoContaArmazenada
FNDA:0,(anonymous_15)
FNDA:0,(anonymous_16)
FNDA:0,(anonymous_17)
FNDA:0,(anonymous_18)
FNDA:0,(anonymous_19)
DA:18,0
DA:20,0
DA:27,0
DA:28,0
DA:29,0
DA:33,0
DA:34,0
DA:38,0
DA:40,0
DA:41,0
DA:42,0
DA:45,0
DA:48,0
DA:50,0
DA:51,0
DA:62,0
DA:64,0
DA:70,0
DA:71,0
DA:72,0
DA:76,0
DA:78,0
DA:79,0
DA:80,0
DA:83,0
DA:85,0
DA:87,0
DA:88,0
DA:99,0
DA:101,0
DA:107,0
DA:108,0
DA:109,0
DA:113,0
DA:115,0
DA:116,0
DA:117,0
DA:120,0
DA:122,0
DA:124,0
DA:125,0
DA:137,0
DA:139,0
DA:145,0
DA:146,0
DA:149,0
DA:150,0
DA:153,0
DA:154,0
DA:158,0
DA:160,0
DA:161,0
DA:162,0
DA:166,0
DA:168,0
DA:170,0
DA:171,0
DA:174,0
DA:176,0
DA:177,0
DA:179,0
DA:184,0
DA:186,0
DA:188,0
DA:189,0
DA:193,0
DA:194,0
DA:205,0
DA:207,0
DA:213,0
DA:214,0
DA:215,0
DA:219,0
DA:220,0
DA:223,0
DA:224,0
DA:227,0
DA:228,0
DA:231,0
DA:232,0
DA:235,0
DA:236,0
DA:240,0
DA:242,0
DA:243,0
DA:244,0
DA:247,0
DA:249,0
DA:251,0
DA:252,0
LF:90
LH:0
BRDA:40,0,0,0
BRDA:40,0,1,0
BRDA:78,1,0,0
BRDA:78,1,1,0
BRDA:115,2,0,0
BRDA:115,2,1,0
BRDA:135,3,0,0
BRDA:140,4,0,0
BRDA:140,4,1,0
BRDA:160,5,0,0
BRDA:160,5,1,0
BRDA:176,6,0,0
BRDA:176,6,1,0
BRDA:213,7,0,0
BRDA:213,7,1,0
BRDA:213,8,0,0
BRDA:213,8,1,0
BRDA:242,9,0,0
BRDA:242,9,1,0
BRF:19
BRH:0
end_of_record
TN:
SF:lib/utils/imap-event-handler.ts
FN:62,(anonymous_0)
FN:75,(anonymous_1)
FN:117,(anonymous_2)
FN:153,(anonymous_3)
FN:196,(anonymous_4)
FN:206,(anonymous_5)
FN:239,(anonymous_6)
FN:294,(anonymous_7)
FN:340,(anonymous_8)
FN:382,(anonymous_9)
FN:407,(anonymous_10)
FN:452,(anonymous_11)
FN:504,(anonymous_12)
FN:554,(anonymous_13)
FN:561,(anonymous_14)
FN:568,(anonymous_15)
FN:575,(anonymous_16)
FN:582,(anonymous_17)
FNF:18
FNH:0
FNDA:0,(anonymous_0)
FNDA:0,(anonymous_1)
FNDA:0,(anonymous_2)
FNDA:0,(anonymous_3)
FNDA:0,(anonymous_4)
FNDA:0,(anonymous_5)
FNDA:0,(anonymous_6)
FNDA:0,(anonymous_7)
FNDA:0,(anonymous_8)
FNDA:0,(anonymous_9)
FNDA:0,(anonymous_10)
FNDA:0,(anonymous_11)
FNDA:0,(anonymous_12)
FNDA:0,(anonymous_13)
FNDA:0,(anonymous_14)
FNDA:0,(anonymous_15)
FNDA:0,(anonymous_16)
FNDA:0,(anonymous_17)
DA:49,0
DA:50,0
DA:51,0
DA:52,0
DA:55,0
DA:56,0
DA:63,0
DA:64,0
DA:65,0
DA:66,0
DA:67,0
DA:68,0
DA:69,0
DA:76,0
DA:77,0
DA:80,0
DA:83,0
DA:84,0
DA:86,0
DA:87,0
DA:90,0
DA:91,0
DA:92,0
DA:95,0
DA:97,0
DA:98,0
DA:101,0
DA:103,0
DA:104,0
DA:106,0
DA:107,0
DA:110,0
DA:118,0
DA:121,0
DA:122,0
DA:123,0
DA:126,0
DA:127,0
DA:128,0
DA:132,0
DA:133,0
DA:134,0
DA:137,0
DA:139,0
DA:140,0
DA:144,0
DA:154,0
DA:155,0
DA:158,0
DA:160,0
DA:162,0
DA:163,0
DA:167,0
DA:169,0
DA:170,0
DA:174,0
DA:177,0
DA:178,0
DA:182,0
DA:189,0
DA:197,0
DA:198,0
DA:201,0
DA:202,0
DA:206,0
DA:207,0
DA:208,0
DA:209,0
DA:213,0
DA:216,0
DA:219,0
DA:220,0
DA:224,0
DA:231,0
DA:240,0
DA:241,0
DA:244,0
DA:246,0
DA:248,0
DA:249,0
DA:253,0
DA:255,0
DA:256,0
DA:268,0
DA:270,0
DA:271,0
DA:277,0
DA:280,0
DA:283,0
DA:284,0
DA:287,0
DA:295,0
DA:296,0
DA:299,0
DA:301,0
DA:303,0
DA:304,0
DA:309,0
DA:311,0
DA:312,0
DA:321,0
DA:323,0
DA:324,0
DA:329,0
DA:330,0
DA:341,0
DA:342,0
DA:345,0
DA:347,0
DA:349,0
DA:350,0
DA:353,0
DA:354,0
DA:355,0
DA:363,0
DA:365,0
DA:366,0
DA:371,0
DA:372,0
DA:383,0
DA:384,0
DA:388,0
DA:389,0
DA:392,0
DA:393,0
DA:394,0
DA:398,0
DA:399,0
DA:400,0
DA:403,0
DA:406,0
DA:407,0
DA:408,0
DA:409,0
DA:412,0
DA:414,0
DA:415,0
DA:417,0
DA:418,0
DA:421,0
DA:422,0
DA:425,0
DA:427,0
DA:428,0
DA:431,0
DA:432,0
DA:436,0
DA:443,0
DA:453,0
DA:454,0
DA:458,0
DA:459,0
DA:460,0
DA:464,0
DA:465,0
DA:467,0
DA:468,0
DA:471,0
DA:473,0
DA:475,0
DA:477,0
DA:478,0
DA:482,0
DA:484,0
DA:485,0
DA:488,0
DA:491,0
DA:493,0
DA:494,0
DA:497,0
DA:509,0
DA:510,0
DA:513,0
DA:520,0
DA:521,0
DA:525,0
DA:531,0
DA:532,0
DA:536,0
DA:545,0
DA:547,0
DA:555,0
DA:562,0
DA:569,0
DA:576,0
DA:583,0
LF:186
LH:0
BRDA:62,0,0,0
BRDA:66,1,0,0
BRDA:66,1,1,0
BRDA:67,2,0,0
BRDA:67,2,1,0
BRDA:68,3,0,0
BRDA:68,3,1,0
BRDA:69,4,0,0
BRDA:69,4,1,0
BRDA:76,5,0,0
BRDA:76,5,1,0
BRDA:86,6,0,0
BRDA:86,6,1,0
BRDA:87,7,0,0
BRDA:87,7,1,0
BRDA:97,8,0,0
BRDA:97,8,1,0
BRDA:106,9,0,0
BRDA:106,9,1,0
BRDA:121,10,0,0
BRDA:121,10,1,0
BRDA:126,11,0,0
BRDA:126,11,1,0
BRDA:132,12,0,0
BRDA:132,12,1,0
BRDA:139,13,0,0
BRDA:139,13,1,0
BRDA:154,14,0,0
BRDA:154,14,1,0
BRDA:154,15,0,0
BRDA:154,15,1,0
BRDA:154,15,2,0
BRDA:162,16,0,0
BRDA:162,16,1,0
BRDA:163,17,0,0
BRDA:163,17,1,0
BRDA:169,18,0,0
BRDA:169,18,1,0
BRDA:170,19,0,0
BRDA:170,19,1,0
BRDA:177,20,0,0
BRDA:177,20,1,0
BRDA:197,21,0,0
BRDA:197,21,1,0
BRDA:201,22,0,0
BRDA:201,22,1,0
BRDA:208,23,0,0
BRDA:208,23,1,0
BRDA:208,24,0,0
BRDA:208,24,1,0
BRDA:208,24,2,0
BRDA:219,25,0,0
BRDA:219,25,1,0
BRDA:240,26,0,0
BRDA:240,26,1,0
BRDA:240,27,0,0
BRDA:240,27,1,0
BRDA:240,27,2,0
BRDA:248,28,0,0
BRDA:248,28,1,0
BRDA:248,29,0,0
BRDA:248,29,1,0
BRDA:255,30,0,0
BRDA:255,30,1,0
BRDA:255,31,0,0
BRDA:255,31,1,0
BRDA:259,32,0,0
BRDA:259,32,1,0
BRDA:260,33,0,0
BRDA:260,33,1,0
BRDA:261,34,0,0
BRDA:261,34,1,0
BRDA:263,35,0,0
BRDA:263,35,1,0
BRDA:270,36,0,0
BRDA:270,36,1,0
BRDA:283,37,0,0
BRDA:283,37,1,0
BRDA:295,38,0,0
BRDA:295,38,1,0
BRDA:295,39,0,0
BRDA:295,39,1,0
BRDA:295,39,2,0
BRDA:303,40,0,0
BRDA:303,40,1,0
BRDA:303,41,0,0
BRDA:303,41,1,0
BRDA:311,42,0,0
BRDA:311,42,1,0
BRDA:311,43,0,0
BRDA:311,43,1,0
BRDA:315,44,0,0
BRDA:315,44,1,0
BRDA:316,45,0,0
BRDA:316,45,1,0
BRDA:323,46,0,0
BRDA:323,46,1,0
BRDA:329,47,0,0
BRDA:329,47,1,0
BRDA:341,48,0,0
BRDA:341,48,1,0
BRDA:341,49,0,0
BRDA:341,49,1,0
BRDA:341,49,2,0
BRDA:349,50,0,0
BRDA:349,50,1,0
BRDA:349,51,0,0
BRDA:349,51,1,0
BRDA:354,52,0,0
BRDA:354,52,1,0
BRDA:358,53,0,0
BRDA:358,53,1,0
BRDA:359,54,0,0
BRDA:359,54,1,0
BRDA:365,55,0,0
BRDA:365,55,1,0
BRDA:371,56,0,0
BRDA:371,56,1,0
BRDA:383,57,0,0
BRDA:383,57,1,0
BRDA:388,58,0,0
BRDA:388,58,1,0
BRDA:392,59,0,0
BRDA:392,59,1,0
BRDA:398,60,0,0
BRDA:398,60,1,0
BRDA:406,61,0,0
BRDA:406,61,1,0
BRDA:408,62,0,0
BRDA:408,62,1,0
BRDA:417,63,0,0
BRDA:417,63,1,0
BRDA:418,64,0,0
BRDA:418,64,1,0
BRDA:427,65,0,0
BRDA:427,65,1,0
BRDA:431,66,0,0
BRDA:431,66,1,0
BRDA:453,67,0,0
BRDA:453,67,1,0
BRDA:458,68,0,0
BRDA:458,68,1,0
BRDA:467,69,0,0
BRDA:467,69,1,0
BRDA:467,70,0,0
BRDA:467,70,1,0
BRDA:475,71,0,0
BRDA:475,71,1,0
BRDA:478,72,0,0
BRDA:478,72,1,0
BRDA:484,73,0,0
BRDA:484,73,1,0
BRDA:493,74,0,0
BRDA:493,74,1,0
BRDA:507,75,0,0
BRDA:520,76,0,0
BRDA:520,76,1,0
BRDA:520,77,0,0
BRDA:520,77,1,0
BRDA:531,78,0,0
BRDA:531,78,1,0
BRF:161
BRH:0
end_of_record
TN:
SF:lib/utils/imap-reader.ts
FN:76,streamToBuffer
FN:77,(anonymous_1)
FN:79,(anonymous_2)
FN:81,(anonymous_3)
FN:95,(anonymous_4)
FN:103,(anonymous_5)
FN:171,(anonymous_6)
FN:206,(anonymous_7)
FN:266,(anonymous_8)
FN:303,(anonymous_9)
FN:357,(anonymous_10)
FN:444,(anonymous_11)
FN:452,(anonymous_12)
FN:456,(anonymous_13)
FN:529,(anonymous_14)
FN:543,(anonymous_15)
FN:547,(anonymous_16)
FN:559,(anonymous_17)
FN:560,(anonymous_18)
FN:574,(anonymous_19)
FN:578,(anonymous_20)
FN:595,(anonymous_21)
FN:621,(anonymous_22)
FN:624,(anonymous_23)
FN:656,(anonymous_24)
FN:701,(anonymous_25)
FN:773,(anonymous_26)
FNF:27
FNH:0
FNDA:0,streamToBuffer
FNDA:0,(anonymous_1)
FNDA:0,(anonymous_2)
FNDA:0,(anonymous_3)
FNDA:0,(anonymous_4)
FNDA:0,(anonymous_5)
FNDA:0,(anonymous_6)
FNDA:0,(anonymous_7)
FNDA:0,(anonymous_8)
FNDA:0,(anonymous_9)
FNDA:0,(anonymous_10)
FNDA:0,(anonymous_11)
FNDA:0,(anonymous_12)
FNDA:0,(anonymous_13)
FNDA:0,(anonymous_14)
FNDA:0,(anonymous_15)
FNDA:0,(anonymous_16)
FNDA:0,(anonymous_17)
FNDA:0,(anonymous_18)
FNDA:0,(anonymous_19)
FNDA:0,(anonymous_20)
FNDA:0,(anonymous_21)
FNDA:0,(anonymous_22)
FNDA:0,(anonymous_23)
FNDA:0,(anonymous_24)
FNDA:0,(anonymous_25)
FNDA:0,(anonymous_26)
DA:77,0
DA:78,0
DA:79,0
DA:80,0
DA:81,0
DA:96,0
DA:97,0
DA:109,0
DA:111,0
DA:113,0
DA:114,0
DA:117,0
DA:119,0
DA:120,0
DA:122,0
DA:123,0
DA:127,0
DA:130,0
DA:131,0
DA:134,0
DA:135,0
DA:139,0
DA:140,0
DA:141,0
DA:143,0
DA:148,0
DA:149,0
DA:153,0
DA:158,0
DA:159,0
DA:162,0
DA:163,0
DA:166,0
DA:167,0
DA:168,0
DA:171,0
DA:174,0
DA:175,0
DA:176,0
DA:177,0
DA:183,0
DA:185,0
DA:192,0
DA:193,0
DA:196,0
DA:211,0
DA:213,0
DA:215,0
DA:216,0
DA:219,0
DA:221,0
DA:222,0
DA:224,0
DA:225,0
DA:229,0
DA:231,0
DA:232,0
DA:236,0
DA:239,0
DA:240,0
DA:244,0
DA:246,0
DA:252,0
DA:253,0
DA:256,0
DA:271,0
DA:273,0
DA:275,0
DA:276,0
DA:279,0
DA:281,0
DA:284,0
DA:286,0
DA:289,0
DA:290,0
DA:293,0
DA:312,0
DA:314,0
DA:316,0
DA:317,0
DA:320,0
DA:322,0
DA:324,0
DA:325,0
DA:328,0
DA:335,0
DA:337,0
DA:343,0
DA:344,0
DA:347,0
DA:359,0
DA:362,0
DA:365,0
DA:368,0
DA:369,0
DA:372,0
DA:373,0
DA:376,0
DA:377,0
DA:378,0
DA:379,0
DA:382,0
DA:383,0
DA:384,0
DA:385,0
DA:390,0
DA:391,0
DA:392,0
DA:393,0
DA:396,0
DA:397,0
DA:398,0
DA:401,0
DA:402,0
DA:406,0
DA:407,0
DA:412,0
DA:414,0
DA:449,0
DA:450,0
DA:452,0
DA:454,0
DA:456,0
DA:457,0
DA:458,0
DA:460,0
DA:464,0
DA:467,0
DA:468,0
DA:471,0
DA:472,0
DA:476,0
DA:477,0
DA:478,0
DA:480,0
DA:484,0
DA:485,0
DA:490,0
DA:494,0
DA:496,0
DA:500,0
DA:501,0
DA:502,0
DA:504,0
DA:517,0
DA:519,0
DA:530,0
DA:531,0
DA:532,0
DA:536,0
DA:537,0
DA:538,0
DA:539,0
DA:543,0
DA:544,0
DA:545,0
DA:547,0
DA:548,0
DA:549,0
DA:550,0
DA:551,0
DA:554,0
DA:559,0
DA:560,0
DA:561,0
DA:563,0
DA:566,0
DA:567,0
DA:569,0
DA:574,0
DA:575,0
DA:578,0
DA:580,0
DA:584,0
DA:588,0
DA:599,0
DA:601,0
DA:603,0
DA:604,0
DA:607,0
DA:609,0
DA:611,0
DA:612,0
DA:616,0
DA:617,0
DA:618,0
DA:621,0
DA:622,0
DA:624,0
DA:626,0
DA:628,0
DA:629,0
DA:634,0
DA:642,0
DA:643,0
DA:646,0
DA:657,0
DA:658,0
DA:661,0
DA:664,0
DA:668,0
DA:671,0
DA:672,0
DA:674,0
DA:676,0
DA:680,0
DA:682,0
DA:689,0
DA:690,0
DA:695,0
DA:720,0
DA:722,0
DA:725,0
DA:726,0
DA:729,0
DA:730,0
DA:733,0
DA:734,0
DA:737,0
DA:738,0
DA:741,0
DA:742,0
DA:745,0
DA:746,0
DA:749,0
DA:750,0
DA:757,0
DA:763,0
DA:775,0
DA:776,0
DA:779,0
DA:786,0
DA:787,0
DA:791,0
DA:797,0
DA:798,0
DA:802,0
DA:811,0
DA:813,0
LF:239
LH:0
BRDA:103,0,0,0
BRDA:113,1,0,0
BRDA:113,1,1,0
BRDA:113,2,0,0
BRDA:113,2,1,0
BRDA:114,3,0,0
BRDA:114,3,1,0
BRDA:119,4,0,0
BRDA:119,4,1,0
BRDA:122,5,0,0
BRDA:122,5,1,0
BRDA:127,6,0,0
BRDA:127,6,1,0
BRDA:130,7,0,0
BRDA:130,7,1,0
BRDA:134,8,0,0
BRDA:134,8,1,0
BRDA:139,9,0,0
BRDA:139,9,1,0
BRDA:140,10,0,0
BRDA:140,10,1,0
BRDA:148,11,0,0
BRDA:148,11,1,0
BRDA:158,12,0,0
BRDA:158,12,1,0
BRDA:158,13,0,0
BRDA:158,13,1,0
BRDA:159,14,0,0
BRDA:159,14,1,0
BRDA:166,15,0,0
BRDA:166,15,1,0
BRDA:167,16,0,0
BRDA:167,16,1,0
BRDA:174,17,0,0
BRDA:174,17,1,0
BRDA:176,18,0,0
BRDA:176,18,1,0
BRDA:206,19,0,0
BRDA:215,20,0,0
BRDA:215,20,1,0
BRDA:215,21,0,0
BRDA:215,21,1,0
BRDA:216,22,0,0
BRDA:216,22,1,0
BRDA:221,23,0,0
BRDA:221,23,1,0
BRDA:224,24,0,0
BRDA:224,24,1,0
BRDA:231,25,0,0
BRDA:231,25,1,0
BRDA:231,26,0,0
BRDA:231,26,1,0
BRDA:231,26,2,0
BRDA:232,27,0,0
BRDA:232,27,1,0
BRDA:239,28,0,0
BRDA:239,28,1,0
BRDA:239,29,0,0
BRDA:239,29,1,0
BRDA:275,30,0,0
BRDA:275,30,1,0
BRDA:275,31,0,0
BRDA:275,31,1,0
BRDA:276,32,0,0
BRDA:276,32,1,0
BRDA:303,33,0,0
BRDA:316,34,0,0
BRDA:316,34,1,0
BRDA:316,35,0,0
BRDA:316,35,1,0
BRDA:317,36,0,0
BRDA:317,36,1,0
BRDA:324,37,0,0
BRDA:324,37,1,0
BRDA:324,38,0,0
BRDA:324,38,1,0
BRDA:325,39,0,0
BRDA:325,39,1,0
BRDA:359,40,0,0
BRDA:359,40,1,0
BRDA:368,41,0,0
BRDA:368,41,1,0
BRDA:369,42,0,0
BRDA:369,42,1,0
BRDA:372,43,0,0
BRDA:372,43,1,0
BRDA:373,44,0,0
BRDA:373,44,1,0
BRDA:376,45,0,0
BRDA:376,45,1,0
BRDA:382,46,0,0
BRDA:382,46,1,0
BRDA:382,47,0,0
BRDA:382,47,1,0
BRDA:383,48,0,0
BRDA:383,48,1,0
BRDA:384,49,0,0
BRDA:384,49,1,0
BRDA:385,50,0,0
BRDA:385,50,1,0
BRDA:390,51,0,0
BRDA:390,51,1,0
BRDA:396,52,0,0
BRDA:396,52,1,0
BRDA:401,53,0,0
BRDA:401,53,1,0
BRDA:406,54,0,0
BRDA:406,54,1,0
BRDA:415,55,0,0
BRDA:415,55,1,0
BRDA:417,56,0,0
BRDA:417,56,1,0
BRDA:433,57,0,0
BRDA:433,57,1,0
BRDA:452,58,0,0
BRDA:454,59,0,0
BRDA:454,59,1,0
BRDA:457,60,0,0
BRDA:457,60,1,0
BRDA:464,61,0,0
BRDA:464,61,1,0
BRDA:464,62,0,0
BRDA:464,62,1,0
BRDA:467,63,0,0
BRDA:467,63,1,0
BRDA:467,64,0,0
BRDA:467,64,1,0
BRDA:471,65,0,0
BRDA:471,65,1,0
BRDA:477,66,0,0
BRDA:477,66,1,0
BRDA:484,67,0,0
BRDA:484,67,1,0
BRDA:484,68,0,0
BRDA:484,68,1,0
BRDA:490,69,0,0
BRDA:490,69,1,0
BRDA:490,69,2,0
BRDA:490,69,3,0
BRDA:490,69,4,0
BRDA:490,69,5,0
BRDA:490,69,6,0
BRDA:494,70,0,0
BRDA:494,70,1,0
BRDA:496,71,0,0
BRDA:496,71,1,0
BRDA:496,71,2,0
BRDA:496,71,3,0
BRDA:496,71,4,0
BRDA:496,71,5,0
BRDA:501,72,0,0
BRDA:501,72,1,0
BRDA:502,73,0,0
BRDA:502,73,1,0
BRDA:507,74,0,0
BRDA:507,74,1,0
BRDA:508,75,0,0
BRDA:508,75,1,0
BRDA:511,76,0,0
BRDA:511,76,1,0
BRDA:531,77,0,0
BRDA:531,77,1,0
BRDA:531,78,0,0
BRDA:531,78,1,0
BRDA:537,79,0,0
BRDA:537,79,1,0
BRDA:545,80,0,0
BRDA:545,80,1,0
BRDA:549,81,0,0
BRDA:549,81,1,0
BRDA:595,82,0,0
BRDA:603,83,0,0
BRDA:603,83,1,0
BRDA:603,84,0,0
BRDA:603,84,1,0
BRDA:604,85,0,0
BRDA:604,85,1,0
BRDA:611,86,0,0
BRDA:611,86,1,0
BRDA:617,87,0,0
BRDA:617,87,1,0
BRDA:622,88,0,0
BRDA:622,88,1,0
BRDA:628,89,0,0
BRDA:628,89,1,0
BRDA:648,90,0,0
BRDA:648,90,1,0
BRDA:657,91,0,0
BRDA:657,91,1,0
BRDA:657,92,0,0
BRDA:657,92,1,0
BRDA:674,93,0,0
BRDA:674,93,1,0
BRDA:674,94,0,0
BRDA:674,94,1,0
BRDA:677,95,0,0
BRDA:677,95,1,0
BRDA:677,96,0,0
BRDA:677,96,1,0
BRDA:680,97,0,0
BRDA:680,97,1,0
BRDA:680,98,0,0
BRDA:680,98,1,0
BRDA:689,99,0,0
BRDA:689,99,1,0
BRDA:689,100,0,0
BRDA:689,100,1,0
BRDA:703,101,0,0
BRDA:713,102,0,0
BRDA:725,103,0,0
BRDA:725,103,1,0
BRDA:729,104,0,0
BRDA:729,104,1,0
BRDA:733,105,0,0
BRDA:733,105,1,0
BRDA:737,106,0,0
BRDA:737,106,1,0
BRDA:741,107,0,0
BRDA:741,107,1,0
BRDA:745,108,0,0
BRDA:745,108,1,0
BRDA:749,109,0,0
BRDA:749,109,1,0
BRDA:760,110,0,0
BRDA:760,110,1,0
BRDA:786,111,0,0
BRDA:786,111,1,0
BRDA:786,112,0,0
BRDA:786,112,1,0
BRDA:797,113,0,0
BRDA:797,113,1,0
BRF:231
BRH:0
end_of_record
TN:
SF:lib/utils/index.ts
FN:4,cn
FNF:1
FNH:0
FNDA:0,cn
DA:5,0
LF:1
LH:0
BRF:0
BRH:0
end_of_record
TN:
SF:lib/utils/oauth-manager.ts
FN:15,useOAuthTokenRefresh
FN:21,(anonymous_1)
FN:62,(anonymous_2)
FN:72,(anonymous_3)
FN:79,initiateOAuthFlow
FN:106,saveOAuthTokens
FNF:6
FNH:0
FNDA:0,useOAuthTokenRefresh
FNDA:0,(anonymous_1)
FNDA:0,(anonymous_2)
FNDA:0,(anonymous_3)
FNDA:0,initiateOAuthFlow
FNDA:0,saveOAuthTokens
DA:16,0
DA:17,0
DA:18,0
DA:21,0
DA:22,0
DA:24,0
DA:25,0
DA:26,0
DA:28,0
DA:31,0
DA:37,0
DA:39,0
DA:40,0
DA:46,0
DA:47,0
DA:52,0
DA:54,0
DA:55,0
DA:57,0
DA:62,0
DA:63,0
DA:66,0
DA:69,0
DA:72,0
DA:75,0
DA:80,0
DA:81,0
DA:84,0
DA:87,0
DA:95,0
DA:98,0
DA:100,0
DA:101,0
DA:113,0
DA:114,0
DA:117,0
DA:120,0
DA:133,0
DA:135,0
DA:137,0
DA:138,0
LF:41
LH:0
BRDA:15,0,0,0
BRDA:22,1,0,0
BRDA:22,1,1,0
BRDA:37,2,0,0
BRDA:37,2,1,0
BRDA:39,3,0,0
BRDA:39,3,1,0
BRDA:39,4,0,0
BRDA:39,4,1,0
BRDA:63,5,0,0
BRDA:63,5,1,0
BRDA:95,6,0,0
BRDA:95,6,1,0
BRDA:117,7,0,0
BRDA:117,7,1,0
BRDA:133,8,0,0
BRDA:133,8,1,0
BRF:17
BRH:0
end_of_record
TN:
SF:lib/utils/secure-storage.ts
FN:29,storeSecureCredential
FN:83,getSecureCredential
FN:114,updateSecureCredential
FN:147,deleteSecureCredential
FNF:4
FNH:0
FNDA:0,storeSecureCredential
FNDA:0,getSecureCredential
FNDA:0,updateSecureCredential
FNDA:0,deleteSecureCredential
DA:30,0
DA:31,0
DA:34,0
DA:35,0
DA:39,0
DA:47,0
DA:48,0
DA:49,0
DA:56,0
DA:58,0
DA:62,0
DA:64,0
DA:65,0
DA:68,0
DA:69,0
DA:70,0
DA:73,0
DA:75,0
DA:88,0
DA:89,0
DA:92,0
DA:98,0
DA:99,0
DA:100,0
DA:103,0
DA:105,0
DA:106,0
DA:120,0
DA:121,0
DA:124,0
DA:131,0
DA:132,0
DA:133,0
DA:136,0
DA:138,0
DA:139,0
DA:152,0
DA:153,0
DA:156,0
DA:162,0
DA:163,0
DA:164,0
DA:167,0
DA:169,0
DA:170,0
LF:45
LH:0
BRDA:34,0,0,0
BRDA:34,0,1,0
BRDA:43,1,0,0
BRDA:43,1,1,0
BRDA:47,2,0,0
BRDA:47,2,1,0
BRDA:48,3,0,0
BRDA:48,3,1,0
BRDA:64,4,0,0
BRDA:64,4,1,0
BRDA:68,5,0,0
BRDA:68,5,1,0
BRDA:98,6,0,0
BRDA:98,6,1,0
BRDA:131,7,0,0
BRDA:131,7,1,0
BRDA:162,8,0,0
BRDA:162,8,1,0
BRF:18
BRH:0
end_of_record
TN:
SF:lib/utils/smtp-connection.ts
FN:41,(anonymous_0)
FN:63,(anonymous_1)
FN:75,(anonymous_2)
FN:108,(anonymous_3)
FN:115,(anonymous_4)
FN:126,(anonymous_5)
FNF:6
FNH:0
FNDA:0,(anonymous_0)
FNDA:0,(anonymous_1)
FNDA:0,(anonymous_2)
FNDA:0,(anonymous_3)
FNDA:0,(anonymous_4)
FNDA:0,(anonymous_5)
DA:33,0
DA:35,0
DA:36,0
DA:42,0
DA:55,0
DA:56,0
DA:65,0
DA:66,0
DA:70,0
DA:71,0
DA:75,0
DA:76,0
DA:78,0
DA:81,0
DA:82,0
DA:84,0
DA:89,0
DA:90,0
DA:92,0
DA:98,0
DA:102,0
DA:109,0
DA:116,0
DA:117,0
DA:118,0
DA:119,0
DA:131,0
DA:133,0
DA:134,0
DA:135,0
DA:136,0
DA:143,0
DA:144,0
DA:148,0
DA:150,0
DA:156,0
LF:36
LH:0
BRDA:41,0,0,0
BRDA:55,1,0,0
BRDA:55,1,1,0
BRDA:65,2,0,0
BRDA:65,2,1,0
BRDA:70,3,0,0
BRDA:70,3,1,0
BRDA:70,4,0,0
BRDA:70,4,1,0
BRDA:109,5,0,0
BRDA:109,5,1,0
BRDA:116,6,0,0
BRDA:116,6,1,0
BRDA:133,7,0,0
BRDA:133,7,1,0
BRDA:135,8,0,0
BRDA:135,8,1,0
BRDA:138,9,0,0
BRDA:138,9,1,0
BRDA:143,10,0,0
BRDA:143,10,1,0
BRF:21
BRH:0
end_of_record
TN:
SF:lib/utils/smtp-queue.ts
FN:86,(anonymous_0)
FN:107,(anonymous_1)
FN:117,(anonymous_2)
FN:124,(anonymous_3)
FN:139,(anonymous_4)
FN:144,(anonymous_5)
FN:152,(anonymous_6)
FN:181,(anonymous_7)
FN:199,(anonymous_8)
FN:209,(anonymous_9)
FN:225,(anonymous_10)
FN:238,(anonymous_11)
FN:256,(anonymous_12)
FN:294,(anonymous_13)
FN:351,(anonymous_14)
FN:370,(anonymous_15)
FN:381,(anonymous_16)
FN:395,(anonymous_17)
FN:399,(anonymous_18)
FNF:19
FNH:0
FNDA:0,(anonymous_0)
FNDA:0,(anonymous_1)
FNDA:0,(anonymous_2)
FNDA:0,(anonymous_3)
FNDA:0,(anonymous_4)
FNDA:0,(anonymous_5)
FNDA:0,(anonymous_6)
FNDA:0,(anonymous_7)
FNDA:0,(anonymous_8)
FNDA:0,(anonymous_9)
FNDA:0,(anonymous_10)
FNDA:0,(anonymous_11)
FNDA:0,(anonymous_12)
FNDA:0,(anonymous_13)
FNDA:0,(anonymous_14)
FNDA:0,(anonymous_15)
FNDA:0,(anonymous_16)
FNDA:0,(anonymous_17)
FNDA:0,(anonymous_18)
DA:58,0
DA:59,0
DA:60,0
DA:61,0
DA:62,0
DA:63,0
DA:64,0
DA:87,0
DA:88,0
DA:94,0
DA:98,0
DA:101,0
DA:108,0
DA:109,0
DA:111,0
DA:118,0
DA:125,0
DA:127,0
DA:128,0
DA:129,0
DA:130,0
DA:133,0
DA:140,0
DA:141,0
DA:144,0
DA:145,0
DA:154,0
DA:155,0
DA:159,0
DA:160,0
DA:164,0
DA:165,0
DA:168,0
DA:170,0
DA:172,0
DA:175,0
DA:181,0
DA:183,0
DA:184,0
DA:187,0
DA:191,0
DA:192,0
DA:195,0
DA:198,0
DA:200,0
DA:201,0
DA:202,0
DA:203,0
DA:204,0
DA:206,0
DA:208,0
DA:209,0
DA:210,0
DA:211,0
DA:212,0
DA:213,0
DA:214,0
DA:215,0
DA:219,0
DA:220,0
DA:221,0
DA:227,0
DA:231,0
DA:239,0
DA:240,0
DA:243,0
DA:244,0
DA:245,0
DA:248,0
DA:249,0
DA:261,0
DA:262,0
DA:268,0
DA:270,0
DA:271,0
DA:274,0
DA:277,0
DA:280,0
DA:282,0
DA:284,0
DA:303,0
DA:305,0
DA:306,0
DA:313,0
DA:316,0
DA:326,0
DA:328,0
DA:329,0
DA:333,0
DA:335,0
DA:341,0
DA:352,0
DA:371,0
DA:373,0
DA:374,0
DA:382,0
DA:383,0
DA:384,0
DA:387,0
DA:388,0
DA:396,0
DA:399,0
DA:400,0
DA:402,0
DA:404,0
DA:405,0
LF:106
LH:0
BRDA:86,0,0,0
BRDA:87,1,0,0
BRDA:87,1,1,0
BRDA:89,2,0,0
BRDA:89,2,1,0
BRDA:90,3,0,0
BRDA:90,3,1,0
BRDA:95,4,0,0
BRDA:95,4,1,0
BRDA:96,5,0,0
BRDA:96,5,1,0
BRDA:98,6,0,0
BRDA:98,6,1,0
BRDA:108,7,0,0
BRDA:108,7,1,0
BRDA:127,8,0,0
BRDA:127,8,1,0
BRDA:140,9,0,0
BRDA:140,9,1,0
BRDA:154,10,0,0
BRDA:154,10,1,0
BRDA:159,11,0,0
BRDA:159,11,1,0
BRDA:164,12,0,0
BRDA:164,12,1,0
BRDA:176,13,0,0
BRDA:176,13,1,0
BRDA:176,13,2,0
BRDA:183,14,0,0
BRDA:183,14,1,0
BRDA:192,15,0,0
BRDA:192,15,1,0
BRDA:200,16,0,0
BRDA:200,16,1,0
BRDA:203,17,0,0
BRDA:203,17,1,0
BRDA:206,18,0,0
BRDA:206,18,1,0
BRDA:208,19,0,0
BRDA:208,19,1,0
BRDA:214,20,0,0
BRDA:214,20,1,0
BRDA:220,21,0,0
BRDA:220,21,1,0
BRDA:243,22,0,0
BRDA:243,22,1,0
BRDA:244,23,0,0
BRDA:244,23,1,0
BRDA:244,24,0,0
BRDA:244,24,1,0
BRDA:261,25,0,0
BRDA:261,25,1,0
BRDA:261,26,0,0
BRDA:261,26,1,0
BRDA:296,27,0,0
BRDA:297,28,0,0
BRDA:305,29,0,0
BRDA:305,29,1,0
BRDA:305,30,0,0
BRDA:305,30,1,0
BRDA:328,31,0,0
BRDA:328,31,1,0
BRDA:373,32,0,0
BRDA:373,32,1,0
BRDA:382,33,0,0
BRDA:382,33,1,0
BRDA:387,34,0,0
BRDA:387,34,1,0
BRDA:404,35,0,0
BRDA:404,35,1,0
BRF:70
BRH:0
end_of_record
TN:
SF:lib/utils/smtp-service.ts
FN:55,(anonymous_0)
FN:63,(anonymous_1)
FN:73,(anonymous_2)
FN:85,(anonymous_3)
FN:134,(anonymous_4)
FN:184,(anonymous_5)
FN:249,(anonymous_6)
FN:287,(anonymous_7)
FN:294,(anonymous_8)
FNF:9
FNH:0
FNDA:0,(anonymous_0)
FNDA:0,(anonymous_1)
FNDA:0,(anonymous_2)
FNDA:0,(anonymous_3)
FNDA:0,(anonymous_4)
FNDA:0,(anonymous_5)
FNDA:0,(anonymous_6)
FNDA:0,(anonymous_7)
FNDA:0,(anonymous_8)
DA:56,0
DA:57,0
DA:64,0
DA:65,0
DA:67,0
DA:74,0
DA:75,0
DA:76,0
DA:78,0
DA:89,0
DA:91,0
DA:94,0
DA:95,0
DA:96,0
DA:103,0
DA:117,0
DA:120,0
DA:122,0
DA:124,0
DA:138,0
DA:140,0
DA:156,0
DA:161,0
DA:162,0
DA:168,0
DA:174,0
DA:190,0
DA:191,0
DA:194,0
DA:201,0
DA:202,0
DA:209,0
DA:215,0
DA:216,0
DA:223,0
DA:233,0
DA:234,0
DA:236,0
DA:239,0
DA:250,0
DA:252,0
DA:255,0
DA:258,0
DA:260,0
DA:271,0
DA:288,0
DA:295,0
LF:47
LH:0
BRDA:55,0,0,0
BRDA:63,1,0,0
BRDA:64,2,0,0
BRDA:64,2,1,0
BRDA:74,3,0,0
BRDA:74,3,1,0
BRDA:74,3,2,0
BRDA:74,3,3,0
BRDA:95,4,0,0
BRDA:95,4,1,0
BRDA:98,5,0,0
BRDA:98,5,1,0
BRDA:104,6,0,0
BRDA:104,6,1,0
BRDA:105,7,0,0
BRDA:105,7,1,0
BRDA:106,8,0,0
BRDA:106,8,1,0
BRDA:106,9,0,0
BRDA:106,9,1,0
BRDA:107,10,0,0
BRDA:107,10,1,0
BRDA:107,11,0,0
BRDA:107,11,1,0
BRDA:141,12,0,0
BRDA:141,12,1,0
BRDA:142,13,0,0
BRDA:142,13,1,0
BRDA:143,14,0,0
BRDA:143,14,1,0
BRDA:143,15,0,0
BRDA:143,15,1,0
BRDA:144,16,0,0
BRDA:144,16,1,0
BRDA:144,17,0,0
BRDA:144,17,1,0
BRDA:161,18,0,0
BRDA:161,18,1,0
BRDA:188,19,0,0
BRDA:201,20,0,0
BRDA:201,20,1,0
BRDA:201,21,0,0
BRDA:201,21,1,0
BRDA:215,22,0,0
BRDA:215,22,1,0
BRDA:233,23,0,0
BRDA:233,23,1,0
BRF:47
BRH:0
end_of_record
TN:
SF:lib/utils/use-imap-connection.ts
FN:32,(anonymous_0)
FN:45,(anonymous_1)
FN:51,(anonymous_2)
FN:62,(anonymous_3)
FN:88,(anonymous_4)
FN:97,(anonymous_5)
FN:125,(anonymous_6)
FN:146,(anonymous_7)
FN:186,(anonymous_8)
FN:208,(anonymous_9)
FN:226,(anonymous_10)
FN:243,(anonymous_11)
FN:262,(anonymous_12)
FN:287,(anonymous_13)
FN:297,(anonymous_14)
FN:299,(anonymous_15)
FN:308,(anonymous_16)
FN:309,(anonymous_17)
FN:318,(anonymous_18)
FN:332,(anonymous_19)
FNF:20
FNH:0
FNDA:0,(anonymous_0)
FNDA:0,(anonymous_1)
FNDA:0,(anonymous_2)
FNDA:0,(anonymous_3)
FNDA:0,(anonymous_4)
FNDA:0,(anonymous_5)
FNDA:0,(anonymous_6)
FNDA:0,(anonymous_7)
FNDA:0,(anonymous_8)
FNDA:0,(anonymous_9)
FNDA:0,(anonymous_10)
FNDA:0,(anonymous_11)
FNDA:0,(anonymous_12)
FNDA:0,(anonymous_13)
FNDA:0,(anonymous_14)
FNDA:0,(anonymous_15)
FNDA:0,(anonymous_16)
FNDA:0,(anonymous_17)
FNDA:0,(anonymous_18)
FNDA:0,(anonymous_19)
DA:6,0
DA:7,0
DA:32,0
DA:33,0
DA:34,0
DA:36,0
DA:45,0
DA:46,0
DA:47,0
DA:48,0
DA:51,0
DA:54,0
DA:60,0
DA:61,0
DA:62,0
DA:67,0
DA:70,0
DA:71,0
DA:80,0
DA:81,0
DA:87,0
DA:88,0
DA:93,0
DA:96,0
DA:97,0
DA:102,0
DA:106,0
DA:107,0
DA:111,0
DA:112,0
DA:113,0
DA:115,0
DA:116,0
DA:117,0
DA:118,0
DA:121,0
DA:122,0
DA:125,0
DA:127,0
DA:128,0
DA:131,0
DA:132,0
DA:135,0
DA:138,0
DA:139,0
DA:140,0
DA:144,0
DA:145,0
DA:146,0
DA:147,0
DA:151,0
DA:169,0
DA:170,0
DA:171,0
DA:172,0
DA:175,0
DA:178,0
DA:179,0
DA:180,0
DA:184,0
DA:185,0
DA:186,0
DA:187,0
DA:190,0
DA:192,0
DA:193,0
DA:194,0
DA:197,0
DA:200,0
DA:201,0
DA:202,0
DA:206,0
DA:207,0
DA:208,0
DA:209,0
DA:214,0
DA:217,0
DA:226,0
DA:235,0
DA:237,0
DA:238,0
DA:239,0
DA:242,0
DA:243,0
DA:249,0
DA:252,0
DA:262,0
DA:269,0
DA:271,0
DA:274,0
DA:275,0
DA:284,0
DA:287,0
DA:292,0
DA:297,0
DA:298,0
DA:299,0
DA:300,0
DA:302,0
DA:303,0
DA:308,0
DA:309,0
DA:310,0
DA:311,0
DA:317,0
DA:318,0
DA:325,0
DA:329,0
DA:332,0
DA:333,0
DA:337,0
LF:111
LH:0
BRDA:6,0,0,0
BRDA:6,0,1,0
BRDA:7,1,0,0
BRDA:7,1,1,0
BRDA:33,2,0,0
BRDA:47,3,0,0
BRDA:47,3,1,0
BRDA:60,4,0,0
BRDA:60,4,1,0
BRDA:60,5,0,0
BRDA:60,5,1,0
BRDA:70,6,0,0
BRDA:70,6,1,0
BRDA:96,7,0,0
BRDA:96,7,1,0
BRDA:106,8,0,0
BRDA:106,8,1,0
BRDA:106,9,0,0
BRDA:106,9,1,0
BRDA:127,10,0,0
BRDA:127,10,1,0
BRDA:127,11,0,0
BRDA:127,11,1,0
BRDA:138,12,0,0
BRDA:138,12,1,0
BRDA:169,13,0,0
BRDA:169,13,1,0
BRDA:178,14,0,0
BRDA:178,14,1,0
BRDA:192,15,0,0
BRDA:192,15,1,0
BRDA:192,16,0,0
BRDA:192,16,1,0
BRDA:194,17,0,0
BRDA:194,17,1,0
BRDA:200,18,0,0
BRDA:200,18,1,0
BRDA:214,19,0,0
BRDA:214,19,1,0
BRDA:238,20,0,0
BRDA:238,20,1,0
BRDA:242,21,0,0
BRDA:242,21,1,0
BRDA:266,22,0,0
BRDA:266,22,1,0
BRDA:279,23,0,0
BRDA:279,23,1,0
BRDA:290,24,0,0
BRDA:290,24,1,0
BRDA:317,25,0,0
BRDA:317,25,1,0
BRDA:317,26,0,0
BRDA:317,26,1,0
BRDA:321,27,0,0
BRDA:321,27,1,0
BRF:55
BRH:0
end_of_record
TN:
SF:lib/utils/validation-cache.ts
FN:45,(anonymous_0)
FN:68,(anonymous_1)
FN:86,(anonymous_2)
FN:93,(anonymous_3)
FN:100,(anonymous_4)
FN:125,(anonymous_5)
FN:134,(anonymous_6)
FN:147,(anonymous_7)
FN:151,(anonymous_8)
FN:158,(anonymous_9)
FN:168,(anonymous_10)
FN:178,(anonymous_11)
FN:207,(anonymous_12)
FN:240,(anonymous_13)
FN:255,(anonymous_14)
FN:269,(anonymous_15)
FN:280,(anonymous_16)
FN:288,(anonymous_17)
FN:295,(anonymous_18)
FN:302,(anonymous_19)
FNF:20
FNH:0
FNDA:0,(anonymous_0)
FNDA:0,(anonymous_1)
FNDA:0,(anonymous_2)
FNDA:0,(anonymous_3)
FNDA:0,(anonymous_4)
FNDA:0,(anonymous_5)
FNDA:0,(anonymous_6)
FNDA:0,(anonymous_7)
FNDA:0,(anonymous_8)
FNDA:0,(anonymous_9)
FNDA:0,(anonymous_10)
FNDA:0,(anonymous_11)
FNDA:0,(anonymous_12)
FNDA:0,(anonymous_13)
FNDA:0,(anonymous_14)
FNDA:0,(anonymous_15)
FNDA:0,(anonymous_16)
FNDA:0,(anonymous_17)
FNDA:0,(anonymous_18)
FNDA:0,(anonymous_19)
DA:47,0
DA:56,0
DA:57,0
DA:60,0
DA:61,0
DA:69,0
DA:70,0
DA:73,0
DA:74,0
DA:75,0
DA:76,0
DA:77,0
DA:79,0
DA:87,0
DA:94,0
DA:95,0
DA:96,0
DA:97,0
DA:98,0
DA:100,0
DA:101,0
DA:104,0
DA:105,0
DA:109,0
DA:113,0
DA:115,0
DA:116,0
DA:117,0
DA:126,0
DA:128,0
DA:130,0
DA:133,0
DA:134,0
DA:135,0
DA:138,0
DA:140,0
DA:148,0
DA:149,0
DA:151,0
DA:152,0
DA:153,0
DA:158,0
DA:160,0
DA:161,0
DA:169,0
DA:170,0
DA:172,0
DA:179,0
DA:181,0
DA:182,0
DA:184,0
DA:190,0
DA:193,0
DA:194,0
DA:195,0
DA:196,0
DA:200,0
DA:208,0
DA:211,0
DA:213,0
DA:214,0
DA:216,0
DA:219,0
DA:220,0
DA:221,0
DA:222,0
DA:226,0
DA:227,0
DA:228,0
DA:229,0
DA:230,0
DA:231,0
DA:234,0
DA:241,0
DA:243,0
DA:244,0
DA:246,0
DA:249,0
DA:256,0
DA:257,0
DA:259,0
DA:260,0
DA:263,0
DA:270,0
DA:272,0
DA:273,0
DA:281,0
DA:282,0
DA:289,0
DA:296,0
DA:303,0
DA:311,0
LF:92
LH:0
BRDA:60,0,0,0
BRDA:60,0,1,0
BRDA:69,1,0,0
BRDA:69,1,1,0
BRDA:69,2,0,0
BRDA:69,2,1,0
BRDA:96,3,0,0
BRDA:96,3,1,0
BRDA:98,4,0,0
BRDA:98,4,1,0
BRDA:98,5,0,0
BRDA:98,5,1,0
BRDA:104,6,0,0
BRDA:104,6,1,0
BRDA:116,7,0,0
BRDA:116,7,1,0
BRDA:126,8,0,0
BRDA:126,8,1,0
BRDA:152,9,0,0
BRDA:152,9,1,0
BRDA:160,10,0,0
BRDA:160,10,1,0
BRDA:169,11,0,0
BRDA:169,11,1,0
BRDA:179,12,0,0
BRDA:179,12,1,0
BRDA:193,13,0,0
BRDA:193,13,1,0
BRDA:208,14,0,0
BRDA:208,14,1,0
BRDA:216,15,0,0
BRDA:216,15,1,0
BRDA:219,16,0,0
BRDA:219,16,1,0
BRDA:227,17,0,0
BRDA:227,17,1,0
BRDA:241,18,0,0
BRDA:241,18,1,0
BRDA:246,19,0,0
BRDA:246,19,1,0
BRDA:259,20,0,0
BRDA:259,20,1,0
BRDA:259,21,0,0
BRDA:259,21,1,0
BRDA:272,22,0,0
BRDA:272,22,1,0
BRF:46
BRH:0
end_of_record
TN:
SF:lib/utils/webmail-automation/base-automation.ts
FN:48,(anonymous_0)
FN:75,(anonymous_1)
FN:106,(anonymous_2)
FN:111,(anonymous_3)
FN:118,(anonymous_4)
FN:122,(anonymous_5)
FN:128,(anonymous_6)
FNF:7
FNH:0
FNDA:0,(anonymous_0)
FNDA:0,(anonymous_1)
FNDA:0,(anonymous_2)
FNDA:0,(anonymous_3)
FNDA:0,(anonymous_4)
FNDA:0,(anonymous_5)
FNDA:0,(anonymous_6)
DA:16,0
DA:41,0
DA:42,0
DA:45,0
DA:46,0
DA:52,0
DA:53,0
DA:76,0
DA:107,0
DA:108,0
DA:109,0
DA:111,0
DA:119,0
DA:120,0
DA:122,0
DA:129,0
LF:16
LH:0
BRDA:48,0,0,0
BRDA:52,1,0,0
BRDA:52,1,1,0
BRDA:118,2,0,0
BRF:4
BRH:0
end_of_record
TN:
SF:lib/utils/webmail-automation/browser-fingerprint.ts
FN:44,(anonymous_0)
FN:59,(anonymous_1)
FN:102,(anonymous_2)
FN:152,(anonymous_3)
FN:169,(anonymous_4)
FN:183,(anonymous_5)
FN:197,(anonymous_6)
FN:216,(anonymous_7)
FN:240,(anonymous_8)
FN:253,(anonymous_9)
FN:266,(anonymous_10)
FN:273,(anonymous_11)
FN:281,(anonymous_12)
FN:286,(anonymous_13)
FN:303,(anonymous_14)
FN:310,(anonymous_15)
FN:317,(anonymous_16)
FNF:17
FNH:0
FNDA:0,(anonymous_0)
FNDA:0,(anonymous_1)
FNDA:0,(anonymous_2)
FNDA:0,(anonymous_3)
FNDA:0,(anonymous_4)
FNDA:0,(anonymous_5)
FNDA:0,(anonymous_6)
FNDA:0,(anonymous_7)
FNDA:0,(anonymous_8)
FNDA:0,(anonymous_9)
FNDA:0,(anonymous_10)
FNDA:0,(anonymous_11)
FNDA:0,(anonymous_12)
FNDA:0,(anonymous_13)
FNDA:0,(anonymous_14)
FNDA:0,(anonymous_15)
FNDA:0,(anonymous_16)
DA:42,0
DA:45,0
DA:61,0
DA:62,0
DA:65,0
DA:66,0
DA:83,0
DA:84,0
DA:87,0
DA:88,0
DA:92,0
DA:93,0
DA:96,0
DA:103,0
DA:104,0
DA:105,0
DA:111,0
DA:113,0
DA:114,0
DA:115,0
DA:116,0
DA:117,0
DA:118,0
DA:119,0
DA:120,0
DA:122,0
DA:125,0
DA:126,0
DA:127,0
DA:128,0
DA:129,0
DA:130,0
DA:131,0
DA:133,0
DA:136,0
DA:137,0
DA:138,0
DA:141,0
DA:142,0
DA:146,0
DA:153,0
DA:163,0
DA:170,0
DA:177,0
DA:184,0
DA:185,0
DA:186,0
DA:187,0
DA:188,0
DA:189,0
DA:190,0
DA:198,0
DA:200,0
DA:201,0
DA:202,0
DA:203,0
DA:204,0
DA:205,0
DA:206,0
DA:207,0
DA:210,0
DA:217,0
DA:224,0
DA:225,0
DA:227,0
DA:228,0
DA:229,0
DA:230,0
DA:234,0
DA:242,0
DA:243,0
DA:247,0
DA:255,0
DA:256,0
DA:260,0
DA:267,0
DA:274,0
DA:275,0
DA:282,0
DA:284,0
DA:286,0
DA:287,0
DA:289,0
DA:290,0
DA:291,0
DA:292,0
DA:293,0
DA:297,0
DA:304,0
DA:311,0
DA:318,0
LF:91
LH:0
BRDA:44,0,0,0
BRDA:46,1,0,0
BRDA:46,1,1,0
BRDA:47,2,0,0
BRDA:47,2,1,0
BRDA:48,3,0,0
BRDA:48,3,1,0
BRDA:49,4,0,0
BRDA:49,4,1,0
BRDA:50,5,0,0
BRDA:50,5,1,0
BRDA:51,6,0,0
BRDA:51,6,1,0
BRDA:61,7,0,0
BRDA:61,7,1,0
BRDA:61,8,0,0
BRDA:61,8,1,0
BRDA:83,9,0,0
BRDA:83,9,1,0
BRDA:83,10,0,0
BRDA:83,10,1,0
BRDA:87,11,0,0
BRDA:87,11,1,0
BRDA:92,12,0,0
BRDA:92,12,1,0
BRDA:111,13,0,0
BRDA:111,13,1,0
BRDA:111,13,2,0
BRDA:111,13,3,0
BRDA:113,14,0,0
BRDA:113,14,1,0
BRDA:115,15,0,0
BRDA:115,15,1,0
BRDA:117,16,0,0
BRDA:117,16,1,0
BRDA:119,17,0,0
BRDA:119,17,1,0
BRDA:126,18,0,0
BRDA:126,18,1,0
BRDA:128,19,0,0
BRDA:128,19,1,0
BRDA:130,20,0,0
BRDA:130,20,1,0
BRDA:184,21,0,0
BRDA:184,21,1,0
BRDA:184,21,2,0
BRDA:184,21,3,0
BRDA:184,21,4,0
BRDA:184,21,5,0
BRDA:200,22,0,0
BRDA:200,22,1,0
BRDA:202,23,0,0
BRDA:202,23,1,0
BRDA:204,24,0,0
BRDA:204,24,1,0
BRDA:206,25,0,0
BRDA:206,25,1,0
BRDA:229,26,0,0
BRDA:229,26,1,0
BRDA:242,27,0,0
BRDA:242,27,1,0
BRDA:242,28,0,0
BRDA:242,28,1,0
BRDA:255,29,0,0
BRDA:255,29,1,0
BRDA:255,30,0,0
BRDA:255,30,1,0
BRDA:292,31,0,0
BRDA:292,31,1,0
BRF:69
BRH:0
end_of_record
TN:
SF:lib/utils/webmail-automation/gmail-automation.ts
FN:87,(anonymous_0)
FN:105,(anonymous_1)
FN:204,(anonymous_2)
FN:313,(anonymous_3)
FN:356,(anonymous_4)
FN:437,(anonymous_5)
FN:455,(anonymous_6)
FN:477,(anonymous_7)
FN:491,(anonymous_8)
FN:502,(anonymous_9)
FN:517,(anonymous_10)
FN:524,(anonymous_11)
FN:536,(anonymous_12)
FN:576,(anonymous_13)
FN:619,(anonymous_14)
FN:620,(anonymous_15)
FN:638,(anonymous_16)
FN:746,(anonymous_17)
FN:829,(anonymous_18)
FN:853,(anonymous_19)
FN:876,(anonymous_20)
FNF:21
FNH:0
FNDA:0,(anonymous_0)
FNDA:0,(anonymous_1)
FNDA:0,(anonymous_2)
FNDA:0,(anonymous_3)
FNDA:0,(anonymous_4)
FNDA:0,(anonymous_5)
FNDA:0,(anonymous_6)
FNDA:0,(anonymous_7)
FNDA:0,(anonymous_8)
FNDA:0,(anonymous_9)
FNDA:0,(anonymous_10)
FNDA:0,(anonymous_11)
FNDA:0,(anonymous_12)
FNDA:0,(anonymous_13)
FNDA:0,(anonymous_14)
FNDA:0,(anonymous_15)
FNDA:0,(anonymous_16)
FNDA:0,(anonymous_17)
FNDA:0,(anonymous_18)
FNDA:0,(anonymous_19)
FNDA:0,(anonymous_20)
DA:52,0
DA:53,0
DA:59,0
DA:92,0
DA:97,0
DA:98,0
DA:99,0
DA:106,0
DA:108,0
DA:109,0
DA:110,0
DA:113,0
DA:115,0
DA:118,0
DA:119,0
DA:122,0
DA:133,0
DA:150,0
DA:174,0
DA:177,0
DA:178,0
DA:179,0
DA:192,0
DA:193,0
DA:195,0
DA:196,0
DA:197,0
DA:205,0
DA:207,0
DA:208,0
DA:211,0
DA:212,0
DA:214,0
DA:216,0
DA:219,0
DA:220,0
DA:221,0
DA:225,0
DA:226,0
DA:227,0
DA:230,0
DA:231,0
DA:232,0
DA:235,0
DA:237,0
DA:239,0
DA:243,0
DA:247,0
DA:248,0
DA:251,0
DA:254,0
DA:256,0
DA:259,0
DA:261,0
DA:262,0
DA:263,0
DA:266,0
DA:267,0
DA:268,0
DA:271,0
DA:272,0
DA:276,0
DA:277,0
DA:279,0
DA:280,0
DA:281,0
DA:286,0
DA:287,0
DA:295,0
DA:296,0
DA:297,0
DA:298,0
DA:301,0
DA:302,0
DA:304,0
DA:305,0
DA:306,0
DA:314,0
DA:316,0
DA:319,0
DA:320,0
DA:323,0
DA:325,0
DA:327,0
DA:328,0
DA:329,0
DA:330,0
DA:334,0
DA:335,0
DA:338,0
DA:339,0
DA:342,0
DA:344,0
DA:345,0
DA:347,0
DA:348,0
DA:349,0
DA:357,0
DA:359,0
DA:362,0
DA:363,0
DA:366,0
DA:367,0
DA:370,0
DA:372,0
DA:374,0
DA:375,0
DA:376,0
DA:377,0
DA:383,0
DA:385,0
DA:386,0
DA:389,0
DA:390,0
DA:393,0
DA:394,0
DA:397,0
DA:398,0
DA:401,0
DA:402,0
DA:405,0
DA:406,0
DA:409,0
DA:410,0
DA:413,0
DA:414,0
DA:417,0
DA:421,0
DA:422,0
DA:425,0
DA:426,0
DA:428,0
DA:429,0
DA:430,0
DA:438,0
DA:439,0
DA:440,0
DA:443,0
DA:444,0
DA:447,0
DA:448,0
DA:449,0
DA:456,0
DA:458,0
DA:461,0
DA:462,0
DA:465,0
DA:468,0
DA:471,0
DA:472,0
DA:475,0
DA:477,0
DA:479,0
DA:480,0
DA:482,0
DA:483,0
DA:488,0
DA:491,0
DA:492,0
DA:496,0
DA:508,0
DA:511,0
DA:512,0
DA:515,0
DA:516,0
DA:517,0
DA:525,0
DA:527,0
DA:529,0
DA:537,0
DA:538,0
DA:541,0
DA:543,0
DA:544,0
DA:545,0
DA:548,0
DA:549,0
DA:552,0
DA:553,0
DA:556,0
DA:557,0
DA:560,0
DA:563,0
DA:564,0
DA:566,0
DA:568,0
DA:569,0
DA:577,0
DA:579,0
DA:580,0
DA:582,0
DA:583,0
DA:587,0
DA:588,0
DA:589,0
DA:590,0
DA:591,0
DA:592,0
DA:594,0
DA:598,0
DA:599,0
DA:601,0
DA:604,0
DA:605,0
DA:606,0
DA:609,0
DA:611,0
DA:615,0
DA:616,0
DA:619,0
DA:620,0
DA:623,0
DA:625,0
DA:630,0
DA:631,0
DA:639,0
DA:641,0
DA:643,0
DA:644,0
DA:646,0
DA:647,0
DA:651,0
DA:652,0
DA:653,0
DA:654,0
DA:656,0
DA:658,0
DA:661,0
DA:662,0
DA:663,0
DA:667,0
DA:668,0
DA:669,0
DA:670,0
DA:674,0
DA:675,0
DA:679,0
DA:682,0
DA:683,0
DA:687,0
DA:688,0
DA:692,0
DA:693,0
DA:697,0
DA:698,0
DA:701,0
DA:702,0
DA:703,0
DA:704,0
DA:707,0
DA:708,0
DA:709,0
DA:711,0
DA:713,0
DA:716,0
DA:717,0
DA:718,0
DA:722,0
DA:723,0
DA:724,0
DA:729,0
DA:730,0
DA:734,0
DA:736,0
DA:738,0
DA:739,0
DA:747,0
DA:748,0
DA:751,0
DA:753,0
DA:755,0
DA:756,0
DA:758,0
DA:759,0
DA:763,0
DA:764,0
DA:765,0
DA:766,0
DA:768,0
DA:770,0
DA:773,0
DA:774,0
DA:775,0
DA:779,0
DA:780,0
DA:781,0
DA:782,0
DA:786,0
DA:787,0
DA:791,0
DA:792,0
DA:795,0
DA:797,0
DA:798,0
DA:799,0
DA:803,0
DA:804,0
DA:805,0
DA:808,0
DA:809,0
DA:810,0
DA:812,0
DA:817,0
DA:819,0
DA:821,0
DA:822,0
DA:830,0
DA:831,0
DA:834,0
DA:836,0
DA:837,0
DA:840,0
DA:841,0
DA:842,0
DA:843,0
DA:844,0
DA:847,0
DA:850,0
DA:853,0
DA:855,0
DA:858,0
DA:861,0
DA:863,0
DA:868,0
DA:869,0
DA:878,0
DA:907,0
LF:327
LH:0
BRDA:87,0,0,0
BRDA:93,1,0,0
BRDA:93,1,1,0
BRDA:97,2,0,0
BRDA:97,2,1,0
BRDA:106,3,0,0
BRDA:106,3,1,0
BRDA:156,4,0,0
BRDA:156,4,1,0
BRDA:177,5,0,0
BRDA:177,5,1,0
BRDA:205,6,0,0
BRDA:205,6,1,0
BRDA:219,7,0,0
BRDA:219,7,1,0
BRDA:237,8,0,0
BRDA:237,8,1,0
BRDA:261,9,0,0
BRDA:261,9,1,0
BRDA:261,10,0,0
BRDA:261,10,1,0
BRDA:266,11,0,0
BRDA:266,11,1,0
BRDA:266,12,0,0
BRDA:266,12,1,0
BRDA:280,13,0,0
BRDA:280,13,1,0
BRDA:286,14,0,0
BRDA:286,14,1,0
BRDA:314,15,0,0
BRDA:314,15,1,0
BRDA:319,16,0,0
BRDA:319,16,1,0
BRDA:319,17,0,0
BRDA:319,17,1,0
BRDA:328,18,0,0
BRDA:328,18,1,0
BRDA:356,19,0,0
BRDA:357,20,0,0
BRDA:357,20,1,0
BRDA:362,21,0,0
BRDA:362,21,1,0
BRDA:362,22,0,0
BRDA:362,22,1,0
BRDA:362,22,2,0
BRDA:366,23,0,0
BRDA:366,23,1,0
BRDA:375,24,0,0
BRDA:375,24,1,0
BRDA:383,25,0,0
BRDA:383,25,1,0
BRDA:383,25,2,0
BRDA:383,25,3,0
BRDA:383,25,4,0
BRDA:383,25,5,0
BRDA:383,25,6,0
BRDA:383,25,7,0
BRDA:383,25,8,0
BRDA:421,26,0,0
BRDA:421,26,1,0
BRDA:438,27,0,0
BRDA:438,27,1,0
BRDA:443,28,0,0
BRDA:443,28,1,0
BRDA:456,29,0,0
BRDA:456,29,1,0
BRDA:479,30,0,0
BRDA:479,30,1,0
BRDA:480,31,0,0
BRDA:480,31,1,0
BRDA:508,32,0,0
BRDA:508,32,1,0
BRDA:537,33,0,0
BRDA:537,33,1,0
BRDA:537,34,0,0
BRDA:537,34,1,0
BRDA:537,34,2,0
BRDA:579,35,0,0
BRDA:579,35,1,0
BRDA:582,36,0,0
BRDA:582,36,1,0
BRDA:588,37,0,0
BRDA:588,37,1,0
BRDA:599,38,0,0
BRDA:599,38,1,0
BRDA:605,39,0,0
BRDA:605,39,1,0
BRDA:627,40,0,0
BRDA:627,40,1,0
BRDA:643,41,0,0
BRDA:643,41,1,0
BRDA:646,42,0,0
BRDA:646,42,1,0
BRDA:652,43,0,0
BRDA:652,43,1,0
BRDA:656,44,0,0
BRDA:656,44,1,0
BRDA:662,45,0,0
BRDA:662,45,1,0
BRDA:668,46,0,0
BRDA:668,46,1,0
BRDA:674,47,0,0
BRDA:674,47,1,0
BRDA:679,48,0,0
BRDA:679,48,1,0
BRDA:679,48,2,0
BRDA:679,48,3,0
BRDA:701,49,0,0
BRDA:701,49,1,0
BRDA:703,50,0,0
BRDA:703,50,1,0
BRDA:708,51,0,0
BRDA:708,51,1,0
BRDA:711,52,0,0
BRDA:711,52,1,0
BRDA:717,53,0,0
BRDA:717,53,1,0
BRDA:723,54,0,0
BRDA:723,54,1,0
BRDA:747,55,0,0
BRDA:747,55,1,0
BRDA:755,56,0,0
BRDA:755,56,1,0
BRDA:758,57,0,0
BRDA:758,57,1,0
BRDA:764,58,0,0
BRDA:764,58,1,0
BRDA:768,59,0,0
BRDA:768,59,1,0
BRDA:774,60,0,0
BRDA:774,60,1,0
BRDA:780,61,0,0
BRDA:780,61,1,0
BRDA:786,62,0,0
BRDA:786,62,1,0
BRDA:830,63,0,0
BRDA:830,63,1,0
BRDA:907,64,0,0
BRDA:907,64,1,0
BRF:139
BRH:0
end_of_record
TN:
SF:lib/utils/webmail-automation/human-behavior.ts
FN:15,(anonymous_0)
FN:51,(anonymous_1)
FN:57,(anonymous_2)
FN:69,(anonymous_3)
FN:126,(anonymous_4)
FN:139,(anonymous_5)
FN:149,(anonymous_6)
FNF:7
FNH:0
FNDA:0,(anonymous_0)
FNDA:0,(anonymous_1)
FNDA:0,(anonymous_2)
FNDA:0,(anonymous_3)
FNDA:0,(anonymous_4)
FNDA:0,(anonymous_5)
FNDA:0,(anonymous_6)
DA:17,0
DA:38,0
DA:52,0
DA:53,0
DA:54,0
DA:57,0
DA:59,0
DA:60,0
DA:75,0
DA:76,0
DA:77,0
DA:80,0
DA:85,0
DA:91,0
DA:92,0
DA:95,0
DA:100,0
DA:107,0
DA:109,0
DA:110,0
DA:112,0
DA:115,0
DA:118,0
DA:127,0
DA:128,0
DA:131,0
DA:140,0
DA:141,0
DA:151,0
DA:152,0
DA:158,0
DA:165,0
DA:166,0
DA:168,0
DA:170,0
DA:172,0
DA:174,0
DA:175,0
DA:177,0
DA:178,0
DA:179,0
DA:180,0
DA:181,0
DA:183,0
DA:184,0
DA:185,0
DA:188,0
DA:189,0
DA:190,0
DA:194,0
DA:195,0
DA:199,0
LF:52
LH:0
BRDA:15,0,0,0
BRDA:107,1,0,0
BRDA:107,1,1,0
BRDA:139,2,0,0
BRDA:168,3,0,0
BRDA:168,3,1,0
BRDA:172,4,0,0
BRDA:172,4,1,0
BRDA:174,5,0,0
BRDA:174,5,1,0
BRDA:181,6,0,0
BRDA:181,6,1,0
BRF:12
BRH:0
end_of_record
TN:
SF:lib/utils/webmail-automation/index.ts
FN:23,createWebmailAutomation
FNF:1
FNH:0
FNDA:0,createWebmailAutomation
DA:31,0
DA:33,0
DA:36,0
DA:40,0
DA:44,0
LF:5
LH:0
BRDA:25,0,0,0
BRDA:31,1,0,0
BRDA:31,1,1,0
BRDA:31,1,2,0
BRDA:31,1,3,0
BRF:5
BRH:0
end_of_record
TN:
SF:lib/utils/webmail-automation/types.ts
FNF:0
FNH:0
LF:0
LH:0
BRF:0
BRH:0
end_of_record
TN:
SF:lib/utils/webmail-automation/examples/gmail-example.ts
FN:11,runGmailAutomationExample
FNF:1
FNH:0
FNDA:0,runGmailAutomationExample
DA:12,0
DA:16,0
DA:25,0
DA:30,0
DA:32,0
DA:33,0
DA:35,0
DA:36,0
DA:39,0
DA:42,0
DA:43,0
DA:45,0
DA:46,0
DA:49,0
DA:54,0
DA:55,0
DA:59,0
DA:60,0
DA:62,0
DA:66,0
DA:67,0
DA:68,0
DA:72,0
DA:73,0
DA:74,0
DA:76,0
DA:81,0
DA:82,0
DA:88,0
DA:89,0
DA:91,0
DA:95,0
DA:96,0
DA:100,0
DA:101,0
DA:103,0
DA:107,0
DA:108,0
DA:110,0
DA:111,0
DA:113,0
DA:117,0
DA:118,0
DA:119,0
DA:121,0
DA:124,0
DA:127,0
DA:128,0
DA:129,0
DA:131,0
LF:50
LH:0
BRDA:35,0,0,0
BRDA:35,0,1,0
BRDA:45,1,0,0
BRDA:45,1,1,0
BRDA:59,2,0,0
BRDA:59,2,1,0
BRDA:66,3,0,0
BRDA:66,3,1,0
BRDA:66,4,0,0
BRDA:66,4,1,0
BRDA:72,5,0,0
BRDA:72,5,1,0
BRDA:88,6,0,0
BRDA:88,6,1,0
BRDA:100,7,0,0
BRDA:100,7,1,0
BRDA:110,8,0,0
BRDA:110,8,1,0
BRF:18
BRH:0
end_of_record
TN:
SF:lib/utils/webmail-automation/examples/webmail-warm-up.ts
FN:35,(anonymous_0)
FN:95,(anonymous_1)
FN:113,(anonymous_2)
FN:136,(anonymous_3)
FN:157,(anonymous_4)
FN:196,(anonymous_5)
FN:283,runWarmupExample
FN:313,(anonymous_7)
FNF:8
FNH:0
FNDA:0,(anonymous_0)
FNDA:0,(anonymous_1)
FNDA:0,(anonymous_2)
FNDA:0,(anonymous_3)
FNDA:0,(anonymous_4)
FNDA:0,(anonymous_5)
FNDA:0,runWarmupExample
FNDA:0,(anonymous_7)
DA:29,0
DA:30,0
DA:36,0
DA:39,0
DA:40,0
DA:41,0
DA:45,0
DA:53,0
DA:55,0
DA:61,0
DA:63,0
DA:64,0
DA:68,0
DA:69,0
DA:71,0
DA:72,0
DA:75,0
DA:76,0
DA:79,0
DA:82,0
DA:83,0
DA:84,0
DA:87,0
DA:88,0
DA:96,0
DA:97,0
DA:98,0
DA:101,0
DA:102,0
DA:105,0
DA:108,0
DA:109,0
DA:112,0
DA:113,0
DA:116,0
DA:117,0
DA:118,0
DA:120,0
DA:121,0
DA:125,0
DA:128,0
DA:129,0
DA:137,0
DA:138,0
DA:141,0
DA:143,0
DA:144,0
DA:146,0
DA:147,0
DA:151,0
DA:154,0
DA:155,0
DA:157,0
DA:158,0
DA:160,0
DA:161,0
DA:162,0
DA:163,0
DA:165,0
DA:168,0
DA:169,0
DA:171,0
DA:174,0
DA:177,0
DA:178,0
DA:179,0
DA:181,0
DA:185,0
DA:186,0
DA:187,0
DA:189,0
DA:197,0
DA:200,0
DA:209,0
DA:210,0
DA:211,0
DA:212,0
DA:215,0
DA:216,0
DA:217,0
DA:218,0
DA:219,0
DA:224,0
DA:226,0
DA:229,0
DA:233,0
DA:236,0
DA:240,0
DA:243,0
DA:248,0
DA:251,0
DA:255,0
DA:258,0
DA:262,0
DA:263,0
DA:265,0
DA:270,0
DA:273,0
DA:276,0
DA:285,0
DA:292,0
DA:294,0
DA:296,0
DA:298,0
DA:299,0
DA:303,0
DA:305,0
DA:306,0
DA:310,0
DA:313,0
DA:314,0
DA:317,0
DA:320,0
DA:321,0
DA:323,0
LF:115
LH:0
BRDA:35,0,0,0
BRDA:39,1,0,0
BRDA:39,1,1,0
BRDA:63,2,0,0
BRDA:63,2,1,0
BRDA:71,3,0,0
BRDA:71,3,1,0
BRDA:82,4,0,0
BRDA:82,4,1,0
BRDA:96,5,0,0
BRDA:96,5,1,0
BRDA:96,6,0,0
BRDA:96,6,1,0
BRDA:120,7,0,0
BRDA:120,7,1,0
BRDA:137,8,0,0
BRDA:137,8,1,0
BRDA:137,9,0,0
BRDA:137,9,1,0
BRDA:146,10,0,0
BRDA:146,10,1,0
BRDA:177,11,0,0
BRDA:177,11,1,0
BRDA:217,12,0,0
BRDA:217,12,1,0
BRDA:226,13,0,0
BRDA:226,13,1,0
BRDA:226,13,2,0
BRDA:226,13,3,0
BRDA:226,13,4,0
BRDA:298,14,0,0
BRDA:298,14,1,0
BRDA:305,15,0,0
BRDA:305,15,1,0
BRF:34
BRH:0
end_of_record
